2025.12.23 10:53:29 WARN  Using H2 2.4.240 which is newer than the version Flyway has been verified with. The latest verified version of H2 is 2.3.232.
2025.12.23 10:53:29 INFO  no build target found for /home/casperh/GitHub/Computer-Science-ITU/advanced-programming/exercises/01-intro/Exercises.scala. Using presentation compiler with project's scala-library version: 3.3.6
2025.12.23 10:53:30 WARN  no build target for: /home/casperh/GitHub/Computer-Science-ITU/advanced-programming/exercises/01-intro/Exercises.scala
2025.12.23 10:53:30 INFO  no build target found for /home/casperh/GitHub/Computer-Science-ITU/advanced-programming/exercises/01-intro/Exercises.scala. Using presentation compiler with project's scala-library version: 3.3.6
2025.12.23 10:53:30 ERROR scala.meta.internal.metals.debug.DiscoveryFailures$BuildTargetNotFoundForPathException: No build target could be found for the path: /home/casperh/GitHub/Computer-Science-ITU/advanced-programming/exercises/01-intro/Exercises.scala
	at scala.meta.internal.metals.debug.DebugDiscovery.validate(DebugDiscovery.scala:88)
	at scala.meta.internal.metals.debug.DebugDiscovery.debugDiscovery(DebugDiscovery.scala:164)
	at scala.meta.internal.metals.MetalsLspService.$anonfun$debugDiscovery$3(MetalsLspService.scala:1545)
	at scala.meta.internal.metals.MetalsLspService.afterCompilationFinished(MetalsLspService.scala:1540)
	at scala.meta.internal.metals.MetalsLspService.debugDiscovery(MetalsLspService.scala:1545)
	at scala.meta.internal.metals.WorkspaceLspService.executeCommand(WorkspaceLspService.scala:1133)
	at scala.meta.metals.lsp.DelegatingScalaService.executeCommand(DelegatingScalaService.scala:169)
	at jdk.internal.reflect.DirectMethodHandleAccessor.invoke(DirectMethodHandleAccessor.java:103)
	at java.lang.reflect.Method.invoke(Method.java:580)
	at org.eclipse.lsp4j.jsonrpc.services.GenericEndpoint.lambda$recursiveFindRpcMethods$0(GenericEndpoint.java:65)
	at org.eclipse.lsp4j.jsonrpc.services.GenericEndpoint.request(GenericEndpoint.java:128)
	at org.eclipse.lsp4j.jsonrpc.RemoteEndpoint.handleRequest(RemoteEndpoint.java:271)
	at org.eclipse.lsp4j.jsonrpc.RemoteEndpoint.consume(RemoteEndpoint.java:201)
	at org.eclipse.lsp4j.jsonrpc.json.StreamMessageProducer.handleMessage(StreamMessageProducer.java:185)
	at org.eclipse.lsp4j.jsonrpc.json.StreamMessageProducer.listen(StreamMessageProducer.java:97)
	at org.eclipse.lsp4j.jsonrpc.json.ConcurrentMessageProcessor.run(ConcurrentMessageProcessor.java:114)
	at java.util.concurrent.Executors$RunnableAdapter.call(Executors.java:572)
	at java.util.concurrent.FutureTask.run(FutureTask.java:317)
	at java.util.concurrent.ThreadPoolExecutor.runWorker(ThreadPoolExecutor.java:1144)
	at java.util.concurrent.ThreadPoolExecutor$Worker.run(ThreadPoolExecutor.java:642)
	at java.lang.Thread.run(Thread.java:1583)

2025.12.23 10:53:30 INFO  no build target found for /home/casperh/GitHub/Computer-Science-ITU/advanced-programming/exercises/01-intro/Exercises.scala. Using presentation compiler with project's scala-library version: 3.3.6
2025.12.23 10:53:31 INFO  no build target found for /home/casperh/GitHub/Computer-Science-ITU/advanced-programming/exercises/01-intro/Exercises.scala. Using presentation compiler with project's scala-library version: 3.3.6
2025.12.23 10:53:31 WARN  no build target for: /home/casperh/GitHub/Computer-Science-ITU/advanced-programming/exercises/01-intro/Exercises.scala
2025.12.23 10:53:31 ERROR scala.meta.internal.metals.debug.DiscoveryFailures$BuildTargetNotFoundForPathException: No build target could be found for the path: /home/casperh/GitHub/Computer-Science-ITU/advanced-programming/exercises/01-intro/Exercises.scala
	at scala.meta.internal.metals.debug.DebugDiscovery.validate(DebugDiscovery.scala:88)
	at scala.meta.internal.metals.debug.DebugDiscovery.debugDiscovery(DebugDiscovery.scala:164)
	at scala.meta.internal.metals.MetalsLspService.$anonfun$debugDiscovery$3(MetalsLspService.scala:1545)
	at scala.meta.internal.metals.MetalsLspService.afterCompilationFinished(MetalsLspService.scala:1540)
	at scala.meta.internal.metals.MetalsLspService.debugDiscovery(MetalsLspService.scala:1545)
	at scala.meta.internal.metals.WorkspaceLspService.executeCommand(WorkspaceLspService.scala:1133)
	at scala.meta.metals.lsp.DelegatingScalaService.executeCommand(DelegatingScalaService.scala:169)
	at jdk.internal.reflect.DirectMethodHandleAccessor.invoke(DirectMethodHandleAccessor.java:103)
	at java.lang.reflect.Method.invoke(Method.java:580)
	at org.eclipse.lsp4j.jsonrpc.services.GenericEndpoint.lambda$recursiveFindRpcMethods$0(GenericEndpoint.java:65)
	at org.eclipse.lsp4j.jsonrpc.services.GenericEndpoint.request(GenericEndpoint.java:128)
	at org.eclipse.lsp4j.jsonrpc.RemoteEndpoint.handleRequest(RemoteEndpoint.java:271)
	at org.eclipse.lsp4j.jsonrpc.RemoteEndpoint.consume(RemoteEndpoint.java:201)
	at org.eclipse.lsp4j.jsonrpc.json.StreamMessageProducer.handleMessage(StreamMessageProducer.java:185)
	at org.eclipse.lsp4j.jsonrpc.json.StreamMessageProducer.listen(StreamMessageProducer.java:97)
	at org.eclipse.lsp4j.jsonrpc.json.ConcurrentMessageProcessor.run(ConcurrentMessageProcessor.java:114)
	at java.util.concurrent.Executors$RunnableAdapter.call(Executors.java:572)
	at java.util.concurrent.FutureTask.run(FutureTask.java:317)
	at java.util.concurrent.ThreadPoolExecutor.runWorker(ThreadPoolExecutor.java:1144)
	at java.util.concurrent.ThreadPoolExecutor$Worker.run(ThreadPoolExecutor.java:642)
	at java.lang.Thread.run(Thread.java:1583)

2025.12.23 10:53:32 INFO  Wrote configuration file for ide in: /home/casperh/GitHub/Computer-Science-ITU/advanced-programming/exercises/11-eval/.bsp/scala-cli.json
2025.12.23 10:53:32 INFO  time: ran 'scala-cli bspConfig' in 54ms
2025.12.23 10:53:31 INFO  Attempting to connect to the build server...
2025.12.23 10:53:31 INFO  Running BSP server List(/home/casperh/.local/bin/scala-cli, bsp, --json-options, /home/casperh/GitHub/Computer-Science-ITU/advanced-programming/exercises/11-eval/.scala-build/ide-options-v2.json, --json-launcher-options, /home/casperh/GitHub/Computer-Science-ITU/advanced-programming/exercises/11-eval/.scala-build/ide-launcher-options.json, --envs-file, /home/casperh/GitHub/Computer-Science-ITU/advanced-programming/exercises/11-eval/.scala-build/ide-envs.json, /home/casperh/GitHub/Computer-Science-ITU/advanced-programming/exercises/11-eval)
2025.12.23 10:53:32 INFO  tracing is disabled for protocol BSP, to enable tracing of incoming and outgoing JSON messages create an empty file at /home/casperh/GitHub/Computer-Science-ITU/advanced-programming/exercises/.metals/bsp.trace.json or /home/casperh/.cache/metals/bsp.trace.json
2025.12.23 10:53:32 INFO  BSP server: Starting compilation server
2025.12.23 10:53:32 INFO  no build target found for /home/casperh/GitHub/Computer-Science-ITU/advanced-programming/exercises/01-intro/Exercises.scala. Using presentation compiler with project's scala-library version: 3.3.6
2025.12.23 10:53:33 INFO  BSP server: Checking https://repo1.maven.org/maven2/org/scalacheck/scalacheck_3/
2025.12.23 10:53:33 INFO  BSP server: Checked https://repo1.maven.org/maven2/org/scalacheck/scalacheck_3/
2025.12.23 10:53:33 INFO  BSP server: Checking https://repo1.maven.org/maven2/org/scalacheck/scalacheck_3/maven-metadata.xml
2025.12.23 10:53:33 INFO  BSP server: Checked https://repo1.maven.org/maven2/org/scalacheck/scalacheck_3/maven-metadata.xml
2025.12.23 10:53:33 INFO  BSP server: Checking https://repo1.maven.org/maven2/org/scalactic/scalactic_3/
2025.12.23 10:53:33 INFO  BSP server: Checked https://repo1.maven.org/maven2/org/scalactic/scalactic_3/
2025.12.23 10:53:34 INFO  no build target found for /home/casperh/GitHub/Computer-Science-ITU/advanced-programming/exercises/01-intro/Exercises.scala. Using presentation compiler with project's scala-library version: 3.3.6
2025.12.23 10:53:33 INFO  BSP server: Checking https://repo1.maven.org/maven2/org/scalactic/scalactic_3/maven-metadata.xml
2025.12.23 10:53:33 INFO  BSP server: Checked https://repo1.maven.org/maven2/org/scalactic/scalactic_3/maven-metadata.xml
2025.12.23 10:53:34 INFO  time: Connected to build server in 2.48s
2025.12.23 10:53:34 INFO  Connected to Build server: scala-cli v1.8.5
2025.12.23 10:53:35 INFO  compiling 11-eval_0f10ccc8b3 (2 scala sources)
2025.12.23 10:53:38 INFO  time: Imported build in 3.94s
2025.12.23 10:53:38 INFO  compiling 11-eval_0f10ccc8b3-test (1 scala source)
2025.12.23 10:53:40 INFO  time: compiled 11-eval_0f10ccc8b3-test in 1.18s
2025.12.23 10:53:40 WARN  Using H2 2.4.240 which is newer than the version Flyway has been verified with. The latest verified version of H2 is 2.3.232.
2025.12.23 10:53:40 INFO  time: indexed workspace in 2.6s
2025.12.23 10:53:41 WARN  no build target for: /home/casperh/GitHub/Computer-Science-ITU/advanced-programming/exercises/01-intro/Exercises.scala
2025.12.23 10:53:41 INFO  no build target found for /home/casperh/GitHub/Computer-Science-ITU/advanced-programming/exercises/01-intro/Exercises.scala. Using presentation compiler with project's scala-library version: 3.7.2
2025.12.23 10:53:41 INFO  no build target found for /home/casperh/GitHub/Computer-Science-ITU/advanced-programming/exercises/01-intro/Exercises.scala. Using presentation compiler with project's scala-library version: 3.7.2
2025.12.23 10:53:42 INFO  time: code lens generation in 1.16s
2025.12.23 10:53:42 INFO  time: code lens generation in 1.16s
2025.12.23 10:53:43 WARN  no build target for: /home/casperh/GitHub/Computer-Science-ITU/advanced-programming/exercises/01-intro/Exercises.scala
2025.12.23 10:53:43 INFO  no build target found for /home/casperh/GitHub/Computer-Science-ITU/advanced-programming/exercises/01-intro/Exercises.scala. Using presentation compiler with project's scala-library version: 3.7.2
2025.12.23 10:53:44 INFO  no build target found for /home/casperh/GitHub/Computer-Science-ITU/advanced-programming/exercises/01-intro/Exercises.scala. Using presentation compiler with project's scala-library version: 3.7.2
2025.12.23 10:53:51 INFO  Shutting down server
2025.12.23 10:53:51 INFO  shutting down Metals
2025.12.23 10:53:51 INFO  Shut down connection with build server.
2025.12.23 10:53:51 INFO  Exiting server
