2025.12.28 20:15:54 INFO  Started: Metals version 1.6.4 in folders '/home/casperh/GitHub/Computer-Science-ITU/advanced-programming/exercises/11-eval' for client VSCodium 1.107.1.
2025.12.28 20:15:54 WARN  Using H2 2.4.240 which is newer than the version Flyway has been verified with. The latest verified version of H2 is 2.3.232.
2025.12.28 20:15:54 INFO  no build target found for /home/casperh/GitHub/Computer-Science-ITU/advanced-programming/exercises/11-eval/Exercises.scala. Using presentation compiler with project's scala-library version: 3.3.6
Dec 28, 2025 8:15:56 PM org.eclipse.lsp4j.jsonrpc.services.GenericEndpoint notify
INFO: Unsupported notification method: $/setTrace
Dec 28, 2025 8:15:56 PM org.eclipse.lsp4j.jsonrpc.RemoteEndpoint handleCancellation
WARNING: Unmatched cancel notification for request id 2
2025.12.28 20:15:56 INFO  no build target found for /home/casperh/GitHub/Computer-Science-ITU/advanced-programming/exercises/11-eval/Exercises.scala. Using presentation compiler with project's scala-library version: 3.3.6
2025.12.28 20:15:56 INFO  Wrote configuration file for ide in: /home/casperh/GitHub/Computer-Science-ITU/advanced-programming/exercises/11-eval/.bsp/scala-cli.json
2025.12.28 20:15:56 INFO  time: ran 'scala-cli bspConfig' in 62ms
2025.12.28 20:15:56 INFO  Attempting to connect to the build server...
Dec 28, 2025 8:15:56 PM org.eclipse.lsp4j.jsonrpc.RemoteEndpoint handleCancellation
WARNING: Unmatched cancel notification for request id 1
2025.12.28 20:15:56 INFO  no build target found for /home/casperh/GitHub/Computer-Science-ITU/advanced-programming/exercises/11-eval/Exercises.scala. Using presentation compiler with project's scala-library version: 3.3.6
2025.12.28 20:15:56 INFO  Running BSP server List(/home/casperh/.local/bin/scala-cli, bsp, --json-options, /home/casperh/GitHub/Computer-Science-ITU/advanced-programming/exercises/11-eval/.scala-build/ide-options-v2.json, --json-launcher-options, /home/casperh/GitHub/Computer-Science-ITU/advanced-programming/exercises/11-eval/.scala-build/ide-launcher-options.json, --envs-file, /home/casperh/GitHub/Computer-Science-ITU/advanced-programming/exercises/11-eval/.scala-build/ide-envs.json, /home/casperh/GitHub/Computer-Science-ITU/advanced-programming/exercises/11-eval)
2025.12.28 20:15:56 INFO  tracing is disabled for protocol BSP, to enable tracing of incoming and outgoing JSON messages create an empty file at /home/casperh/GitHub/Computer-Science-ITU/advanced-programming/exercises/11-eval/.metals/bsp.trace.json or /home/casperh/.cache/metals/bsp.trace.json
2025.12.28 20:15:56 INFO  no build target found for /home/casperh/GitHub/Computer-Science-ITU/advanced-programming/exercises/11-eval/Exercises.scala. Using presentation compiler with project's scala-library version: 3.3.6
2025.12.28 20:15:56 INFO  time: Connected to build server in 0.39s
2025.12.28 20:15:57 INFO  Connected to Build server: scala-cli v1.8.5
2025.12.28 20:15:59 WARN  Using H2 2.4.240 which is newer than the version Flyway has been verified with. The latest verified version of H2 is 2.3.232.
2025.12.28 20:15:59 INFO  time: indexed workspace in 2.69s
Dec 28, 2025 8:17:07 PM org.eclipse.lsp4j.jsonrpc.services.GenericEndpoint notify
INFO: Unsupported notification method: $/setTrace
Dec 28, 2025 8:17:20 PM org.eclipse.lsp4j.jsonrpc.services.GenericEndpoint notify
INFO: Unsupported notification method: $/setTrace
Dec 28, 2025 8:17:20 PM org.eclipse.lsp4j.jsonrpc.services.GenericEndpoint notify
INFO: Unsupported notification method: $/setTrace
Dec 28, 2025 8:17:31 PM org.eclipse.lsp4j.jsonrpc.services.GenericEndpoint notify
INFO: Unsupported notification method: $/setTrace
Dec 28, 2025 8:17:31 PM org.eclipse.lsp4j.jsonrpc.services.GenericEndpoint notify
INFO: Unsupported notification method: $/setTrace
Dec 28, 2025 8:17:38 PM org.eclipse.lsp4j.jsonrpc.services.GenericEndpoint notify
INFO: Unsupported notification method: $/setTrace
Dec 28, 2025 8:17:38 PM org.eclipse.lsp4j.jsonrpc.services.GenericEndpoint notify
INFO: Unsupported notification method: $/setTrace
2025.12.28 20:57:06 INFO  Created report: Optional[file:///home/casperh/GitHub/Computer-Science-ITU/advanced-programming/exercises/11-eval/Exercises.scala]
2025.12.28 20:57:06 INFO  java.lang.IndexOutOfBoundsException: 0 (full report at: "/home/casperh/GitHub/Computer-Science-ITU/advanced-programming/exercises/11-eval/.metals/.reports/metals-full/2025-12-28/r_compiler-error_(11-eval_5f0f10ccc8b3)_20-57-06-462.md")
Dec 28, 2025 8:57:09 PM org.eclipse.lsp4j.jsonrpc.RemoteEndpoint handleCancellation
WARNING: Unmatched cancel notification for request id 525
2025.12.28 20:58:01 INFO  compiling 11-eval_0f10ccc8b3 (1 scala source)
2025.12.28 20:58:03 INFO  time: compiled 11-eval_0f10ccc8b3 in 2s
Dec 28, 2025 8:58:58 PM org.eclipse.lsp4j.jsonrpc.RemoteEndpoint handleCancellation
WARNING: Unmatched cancel notification for request id 1017
2025.12.28 20:59:01 INFO  compiling 11-eval_0f10ccc8b3 (1 scala source)
2025.12.28 20:59:01 INFO  time: compiled 11-eval_0f10ccc8b3 in 0.78s
2025.12.28 20:59:17 INFO  compiling 11-eval_0f10ccc8b3 (1 scala source)
2025.12.28 20:59:17 INFO  time: compiled 11-eval_0f10ccc8b3 in 0.41s
2025.12.28 20:59:44 INFO  compiling 11-eval_0f10ccc8b3 (1 scala source)
2025.12.28 20:59:44 INFO  time: compiled 11-eval_0f10ccc8b3 in 0.37s
2025.12.28 21:00:02 INFO  compiling 11-eval_0f10ccc8b3 (1 scala source)
2025.12.28 21:00:04 INFO  compiling 11-eval_0f10ccc8b3-test (1 scala source)
2025.12.28 21:00:04 INFO  time: compiled 11-eval_0f10ccc8b3 in 1.43s
2025.12.28 21:00:05 INFO  time: compiled 11-eval_0f10ccc8b3-test in 1.09s
Dec 28, 2025 9:01:42 PM org.eclipse.lsp4j.jsonrpc.RemoteEndpoint handleCancellation
WARNING: Unmatched cancel notification for request id 1934
2025.12.28 21:01:46 INFO  compiling 11-eval_0f10ccc8b3 (1 scala source)
2025.12.28 21:01:49 INFO  time: compiled 11-eval_0f10ccc8b3 in 2.75s
2025.12.28 21:02:12 INFO  compiling 11-eval_0f10ccc8b3 (1 scala source)
2025.12.28 21:02:12 INFO  time: compiled 11-eval_0f10ccc8b3 in 0.49s
2025.12.28 21:03:46 INFO  compiling 11-eval_0f10ccc8b3 (1 scala source)
2025.12.28 21:03:48 INFO  time: compiled 11-eval_0f10ccc8b3 in 2.02s
2025.12.28 21:04:08 INFO  compiling 11-eval_0f10ccc8b3 (1 scala source)
2025.12.28 21:04:08 INFO  time: compiled 11-eval_0f10ccc8b3 in 0.84s
2025.12.28 21:08:38 INFO  compiling 11-eval_0f10ccc8b3 (1 scala source)
2025.12.28 21:08:41 INFO  time: compiled 11-eval_0f10ccc8b3 in 2.85s
2025.12.28 21:09:14 INFO  Shutting down server
2025.12.28 21:09:14 INFO  shutting down Metals
2025.12.28 21:09:14 INFO  Shut down connection with build server.
2025.12.28 21:09:14 INFO  Cancelling compilation on scala-cli server
2025.12.28 21:09:14 INFO  Exiting server
2025.12.28 21:10:06 INFO  Started: Metals version 1.6.4 in folders '/home/casperh/GitHub/Computer-Science-ITU/advanced-programming/exercises/11-eval' for client VSCodium 1.107.1.
2025.12.28 21:10:08 WARN  Using H2 2.4.240 which is newer than the version Flyway has been verified with. The latest verified version of H2 is 2.3.232.
2025.12.28 21:10:08 INFO  no build target found for /home/casperh/GitHub/Computer-Science-ITU/advanced-programming/exercises/11-eval/Exercises.scala. Using presentation compiler with project's scala-library version: 3.3.6
2025.12.28 21:10:08 INFO  Attempting to connect to the build server...
2025.12.28 21:10:08 INFO  Running BSP server List(/home/casperh/.local/bin/scala-cli, bsp, --json-options, /home/casperh/GitHub/Computer-Science-ITU/advanced-programming/exercises/11-eval/.scala-build/ide-options-v2.json, --json-launcher-options, /home/casperh/GitHub/Computer-Science-ITU/advanced-programming/exercises/11-eval/.scala-build/ide-launcher-options.json, --envs-file, /home/casperh/GitHub/Computer-Science-ITU/advanced-programming/exercises/11-eval/.scala-build/ide-envs.json, /home/casperh/GitHub/Computer-Science-ITU/advanced-programming/exercises/11-eval)
2025.12.28 21:10:08 INFO  tracing is disabled for protocol BSP, to enable tracing of incoming and outgoing JSON messages create an empty file at /home/casperh/GitHub/Computer-Science-ITU/advanced-programming/exercises/11-eval/.metals/bsp.trace.json or /home/casperh/.cache/metals/bsp.trace.json
2025.12.28 21:10:09 INFO  time: Connected to build server in 0.4s
2025.12.28 21:10:08 INFO  Connected to Build server: scala-cli v1.8.5
2025.12.28 21:10:08 INFO  compiling 11-eval_0f10ccc8b3 (1 scala source)
Dec 28, 2025 9:10:10 PM org.eclipse.lsp4j.jsonrpc.services.GenericEndpoint notify
INFO: Unsupported notification method: $/setTrace
Dec 28, 2025 9:10:10 PM org.eclipse.lsp4j.jsonrpc.RemoteEndpoint handleCancellation
WARNING: Unmatched cancel notification for request id 1
Dec 28, 2025 9:10:11 PM org.eclipse.lsp4j.jsonrpc.RemoteEndpoint handleCancellation
WARNING: Unmatched cancel notification for request id 6
Dec 28, 2025 9:10:11 PM org.eclipse.lsp4j.jsonrpc.RemoteEndpoint handleCancellation
WARNING: Unmatched cancel notification for request id 8
Dec 28, 2025 9:10:11 PM org.eclipse.lsp4j.jsonrpc.RemoteEndpoint handleCancellation
WARNING: Unmatched cancel notification for request id 3
Dec 28, 2025 9:10:11 PM org.eclipse.lsp4j.jsonrpc.RemoteEndpoint handleCancellation
WARNING: Unmatched cancel notification for request id 10
Dec 28, 2025 9:10:11 PM org.eclipse.lsp4j.jsonrpc.RemoteEndpoint handleCancellation
WARNING: Unmatched cancel notification for request id 19
Dec 28, 2025 9:10:11 PM org.eclipse.lsp4j.jsonrpc.RemoteEndpoint handleCancellation
WARNING: Unmatched cancel notification for request id 16
Dec 28, 2025 9:10:11 PM org.eclipse.lsp4j.jsonrpc.RemoteEndpoint handleCancellation
WARNING: Unmatched cancel notification for request id 28
Dec 28, 2025 9:10:11 PM org.eclipse.lsp4j.jsonrpc.RemoteEndpoint handleCancellation
WARNING: Unmatched cancel notification for request id 31
2025.12.28 21:10:12 WARN  Using H2 2.4.240 which is newer than the version Flyway has been verified with. The latest verified version of H2 is 2.3.232.
2025.12.28 21:10:12 INFO  time: indexed workspace in 3.14s
2025.12.28 21:10:13 INFO  compiling 11-eval_0f10ccc8b3 (1 scala source)
2025.12.28 21:10:13 INFO  time: compiled 11-eval_0f10ccc8b3 in 0.99s
2025.12.28 21:10:14 INFO  compiling 11-eval_0f10ccc8b3 (1 scala source)
2025.12.28 21:10:14 INFO  Deduplicating compilation of 11-eval_0f10ccc8b3 from bsp client 'scala-cli 1.8.5' (since 4.912s)
2025.12.28 21:10:14 INFO  compiling 11-eval_0f10ccc8b3 (1 scala source)
2025.12.28 21:10:14 INFO  time: compiled 11-eval_0f10ccc8b3 in 0.59s
2025.12.28 21:10:18 INFO  compiling 11-eval_0f10ccc8b3 (1 scala source)
2025.12.28 21:10:18 INFO  time: compiled 11-eval_0f10ccc8b3 in 0.52s
2025.12.28 21:12:07 INFO  compiling 11-eval_0f10ccc8b3 (1 scala source)
2025.12.28 21:12:09 INFO  time: compiled 11-eval_0f10ccc8b3 in 2.04s
2025.12.28 21:12:22 INFO  compiling 11-eval_0f10ccc8b3 (1 scala source)
2025.12.28 21:12:22 INFO  time: compiled 11-eval_0f10ccc8b3 in 0.95s
2025.12.28 21:14:04 INFO  compiling 11-eval_0f10ccc8b3 (1 scala source)
2025.12.28 21:14:06 INFO  time: compiled 11-eval_0f10ccc8b3 in 1.94s
Dec 28, 2025 9:14:11 PM org.eclipse.lsp4j.jsonrpc.RemoteEndpoint handleCancellation
WARNING: Unmatched cancel notification for request id 922
2025.12.28 21:15:37 INFO  compiling 11-eval_0f10ccc8b3 (1 scala source)
2025.12.28 21:15:39 INFO  time: compiled 11-eval_0f10ccc8b3 in 1.9s
2025.12.28 21:16:23 INFO  Created report: Optional[file:///home/casperh/GitHub/Computer-Science-ITU/advanced-programming/exercises/11-eval/Exercises.scala]
2025.12.28 21:16:23 INFO  java.lang.IndexOutOfBoundsException: 0 (full report at: "/home/casperh/GitHub/Computer-Science-ITU/advanced-programming/exercises/11-eval/.metals/.reports/metals-full/2025-12-28/r_compiler-error_(11-eval_5f0f10ccc8b3)_21-16-23-085.md")
2025.12.28 21:16:32 INFO  compiling 11-eval_0f10ccc8b3 (1 scala source)
2025.12.28 21:16:33 INFO  time: compiled 11-eval_0f10ccc8b3 in 1.28s
2025.12.28 21:16:36 INFO  compiling 11-eval_0f10ccc8b3 (1 scala source)
2025.12.28 21:16:36 INFO  time: compiled 11-eval_0f10ccc8b3 in 0.56s
2025.12.28 21:17:08 INFO  compiling 11-eval_0f10ccc8b3 (1 scala source)
2025.12.28 21:17:08 INFO  time: compiled 11-eval_0f10ccc8b3 in 0.44s
2025.12.28 21:17:22 INFO  compiling 11-eval_0f10ccc8b3 (1 scala source)
2025.12.28 21:17:22 INFO  time: compiled 11-eval_0f10ccc8b3 in 0.62s
2025.12.28 21:17:35 INFO  compiling 11-eval_0f10ccc8b3 (1 scala source)
2025.12.28 21:17:35 INFO  time: compiled 11-eval_0f10ccc8b3 in 0.34s
2025.12.28 21:17:38 INFO  compiling 11-eval_0f10ccc8b3 (1 scala source)
2025.12.28 21:17:38 INFO  time: compiled 11-eval_0f10ccc8b3-test in 14ms
2025.12.28 21:17:38 INFO  time: compiled 11-eval_0f10ccc8b3 in 0.97s
2025.12.28 21:17:41 INFO  compiling 11-eval_0f10ccc8b3 (1 scala source)
2025.12.28 21:17:41 INFO  time: compiled 11-eval_0f10ccc8b3 in 0.49s
2025.12.28 21:17:52 INFO  compiling 11-eval_0f10ccc8b3 (1 scala source)
2025.12.28 21:17:52 INFO  time: compiled 11-eval_0f10ccc8b3 in 0.17s
2025.12.28 21:18:06 INFO  compiling 11-eval_0f10ccc8b3 (1 scala source)
2025.12.28 21:18:06 INFO  time: compiled 11-eval_0f10ccc8b3 in 0.33s
2025.12.28 21:18:10 INFO  compiling 11-eval_0f10ccc8b3 (1 scala source)
2025.12.28 21:18:10 INFO  time: compiled 11-eval_0f10ccc8b3 in 0.31s
2025.12.28 21:18:20 INFO  compiling 11-eval_0f10ccc8b3 (1 scala source)
2025.12.28 21:18:20 INFO  time: compiled 11-eval_0f10ccc8b3 in 0.32s
2025.12.28 21:18:24 INFO  compiling 11-eval_0f10ccc8b3 (1 scala source)
2025.12.28 21:18:24 INFO  time: compiled 11-eval_0f10ccc8b3 in 0.3s
2025.12.28 21:18:43 INFO  compiling 11-eval_0f10ccc8b3 (1 scala source)
2025.12.28 21:18:43 INFO  time: compiled 11-eval_0f10ccc8b3 in 0.13s
2025.12.28 21:19:02 INFO  compiling 11-eval_0f10ccc8b3 (1 scala source)
2025.12.28 21:19:02 INFO  time: compiled 11-eval_0f10ccc8b3 in 0.47s
2025.12.28 21:19:43 INFO  compiling 11-eval_0f10ccc8b3 (1 scala source)
2025.12.28 21:19:43 INFO  time: compiled 11-eval_0f10ccc8b3 in 0.93s
2025.12.28 21:20:29 INFO  Created report: Optional[file:///home/casperh/GitHub/Computer-Science-ITU/advanced-programming/exercises/11-eval/Exercises.scala]
2025.12.28 21:20:29 INFO  java.lang.IndexOutOfBoundsException: 0 (full report at: "/home/casperh/GitHub/Computer-Science-ITU/advanced-programming/exercises/11-eval/.metals/.reports/metals-full/2025-12-28/r_compiler-error_(11-eval_5f0f10ccc8b3)_21-20-29-915.md")
Dec 28, 2025 9:20:52 PM org.eclipse.lsp4j.jsonrpc.RemoteEndpoint handleCancellation
WARNING: Unmatched cancel notification for request id 2229
Dec 28, 2025 9:21:20 PM org.eclipse.lsp4j.jsonrpc.RemoteEndpoint handleCancellation
WARNING: Unmatched cancel notification for request id 2576
2025.12.28 21:21:30 WARN  Could not load snapshot text for /home/casperh/GitHub/Computer-Science-ITU/advanced-programming/exercises/11-eval/Exercises.scala
2025.12.28 21:21:30 INFO  compiling 11-eval_0f10ccc8b3 (1 scala source)
2025.12.28 21:21:32 INFO  time: compiled 11-eval_0f10ccc8b3 in 1.97s
2025.12.28 21:21:32 WARN  Could not load snapshot text for /home/casperh/GitHub/Computer-Science-ITU/advanced-programming/exercises/11-eval/Exercises.scala
2025.12.28 21:21:34 WARN  Could not load snapshot text for /home/casperh/GitHub/Computer-Science-ITU/advanced-programming/exercises/11-eval/Exercises.scala
2025.12.28 21:21:34 WARN  Could not load snapshot text for /home/casperh/GitHub/Computer-Science-ITU/advanced-programming/exercises/11-eval/Exercises.scala
2025.12.28 21:21:34 INFO  Created report: Optional[file:///home/casperh/GitHub/Computer-Science-ITU/advanced-programming/exercises/11-eval/Exercises.scala]
2025.12.28 21:21:34 INFO  empty definition using pc, found symbol in pc:  (full report at: "/home/casperh/GitHub/Computer-Science-ITU/advanced-programming/exercises/11-eval/.metals/.reports/metals-full/2025-12-28/r_empty-definition_(11-eval_5f0f10ccc8b3)_21-21-34-284.md")
2025.12.28 21:21:35 WARN  Could not load snapshot text for /home/casperh/GitHub/Computer-Science-ITU/advanced-programming/exercises/11-eval/Exercises.scala
2025.12.28 21:21:35 WARN  Could not load snapshot text for /home/casperh/GitHub/Computer-Science-ITU/advanced-programming/exercises/11-eval/Exercises.scala
2025.12.28 21:21:35 INFO  empty definition using pc, found symbol in pc:  (full report at: "/home/casperh/GitHub/Computer-Science-ITU/advanced-programming/exercises/11-eval/.metals/.reports/metals-full/2025-12-28/r_empty-definition_(11-eval_5f0f10ccc8b3)_21-21-34-284.md")
2025.12.28 21:22:19 WARN  Could not load snapshot text for /home/casperh/GitHub/Computer-Science-ITU/advanced-programming/exercises/11-eval/Exercises.scala
2025.12.28 21:22:19 WARN  Could not load snapshot text for /home/casperh/GitHub/Computer-Science-ITU/advanced-programming/exercises/11-eval/Exercises.scala
2025.12.28 21:22:21 WARN  Could not load snapshot text for /home/casperh/GitHub/Computer-Science-ITU/advanced-programming/exercises/11-eval/Exercises.scala
2025.12.28 21:22:34 WARN  Could not load snapshot text for /home/casperh/GitHub/Computer-Science-ITU/advanced-programming/exercises/11-eval/Exercises.scala
2025.12.28 21:22:35 WARN  Could not load snapshot text for /home/casperh/GitHub/Computer-Science-ITU/advanced-programming/exercises/11-eval/Exercises.scala
2025.12.28 21:22:36 WARN  Could not load snapshot text for /home/casperh/GitHub/Computer-Science-ITU/advanced-programming/exercises/11-eval/Exercises.scala
2025.12.28 21:22:36 INFO  compiling 11-eval_0f10ccc8b3 (1 scala source)
2025.12.28 21:22:39 INFO  time: compiled 11-eval_0f10ccc8b3 in 2.23s
2025.12.28 21:22:39 WARN  Could not load snapshot text for /home/casperh/GitHub/Computer-Science-ITU/advanced-programming/exercises/11-eval/Exercises.scala
2025.12.28 21:22:58 WARN  Could not load snapshot text for /home/casperh/GitHub/Computer-Science-ITU/advanced-programming/exercises/11-eval/Exercises.scala
2025.12.28 21:23:01 WARN  Could not load snapshot text for /home/casperh/GitHub/Computer-Science-ITU/advanced-programming/exercises/11-eval/Exercises.scala
2025.12.28 21:23:03 WARN  Could not load snapshot text for /home/casperh/GitHub/Computer-Science-ITU/advanced-programming/exercises/11-eval/Exercises.scala
2025.12.28 21:23:03 INFO  compiling 11-eval_0f10ccc8b3 (1 scala source)
2025.12.28 21:23:03 INFO  time: compiled 11-eval_0f10ccc8b3 in 0.52s
2025.12.28 21:23:04 WARN  Could not load snapshot text for /home/casperh/GitHub/Computer-Science-ITU/advanced-programming/exercises/11-eval/Exercises.scala
2025.12.28 21:23:06 WARN  Could not load snapshot text for /home/casperh/GitHub/Computer-Science-ITU/advanced-programming/exercises/11-eval/Exercises.scala
2025.12.28 21:23:07 INFO  compiling 11-eval_0f10ccc8b3 (1 scala source)
2025.12.28 21:23:07 INFO  time: compiled 11-eval_0f10ccc8b3 in 0.38s
2025.12.28 21:23:07 WARN  Could not load snapshot text for /home/casperh/GitHub/Computer-Science-ITU/advanced-programming/exercises/11-eval/Exercises.scala
2025.12.28 21:23:12 WARN  Could not load snapshot text for /home/casperh/GitHub/Computer-Science-ITU/advanced-programming/exercises/11-eval/Exercises.scala
2025.12.28 21:23:13 WARN  Could not load snapshot text for /home/casperh/GitHub/Computer-Science-ITU/advanced-programming/exercises/11-eval/Exercises.scala
2025.12.28 21:23:13 WARN  Could not load snapshot text for /home/casperh/GitHub/Computer-Science-ITU/advanced-programming/exercises/11-eval/Exercises.scala
2025.12.28 21:23:14 WARN  Could not load snapshot text for /home/casperh/GitHub/Computer-Science-ITU/advanced-programming/exercises/11-eval/Exercises.scala
2025.12.28 21:23:14 INFO  compiling 11-eval_0f10ccc8b3 (1 scala source)
2025.12.28 21:23:14 INFO  time: compiled 11-eval_0f10ccc8b3 in 0.37s
2025.12.28 21:23:15 WARN  Could not load snapshot text for /home/casperh/GitHub/Computer-Science-ITU/advanced-programming/exercises/11-eval/Exercises.scala
2025.12.28 21:23:16 WARN  Could not load snapshot text for /home/casperh/GitHub/Computer-Science-ITU/advanced-programming/exercises/11-eval/Exercises.scala
2025.12.28 21:23:16 INFO  compiling 11-eval_0f10ccc8b3 (1 scala source)
2025.12.28 21:23:16 INFO  time: compiled 11-eval_0f10ccc8b3 in 0.23s
2025.12.28 21:23:16 WARN  Could not load snapshot text for /home/casperh/GitHub/Computer-Science-ITU/advanced-programming/exercises/11-eval/Exercises.scala
2025.12.28 21:23:19 WARN  Could not load snapshot text for /home/casperh/GitHub/Computer-Science-ITU/advanced-programming/exercises/11-eval/Exercises.scala
2025.12.28 21:23:19 WARN  Could not load snapshot text for /home/casperh/GitHub/Computer-Science-ITU/advanced-programming/exercises/11-eval/Exercises.scala
2025.12.28 21:23:23 WARN  Could not load snapshot text for /home/casperh/GitHub/Computer-Science-ITU/advanced-programming/exercises/11-eval/Exercises.scala
2025.12.28 21:23:24 INFO  compiling 11-eval_0f10ccc8b3 (1 scala source)
2025.12.28 21:23:24 INFO  time: compiled 11-eval_0f10ccc8b3 in 0.2s
2025.12.28 21:23:25 WARN  Could not load snapshot text for /home/casperh/GitHub/Computer-Science-ITU/advanced-programming/exercises/11-eval/Exercises.scala
2025.12.28 21:23:30 WARN  Could not load snapshot text for /home/casperh/GitHub/Computer-Science-ITU/advanced-programming/exercises/11-eval/Exercises.scala
2025.12.28 21:23:32 WARN  Could not load snapshot text for /home/casperh/GitHub/Computer-Science-ITU/advanced-programming/exercises/11-eval/Exercises.scala
2025.12.28 21:23:33 WARN  Could not load snapshot text for /home/casperh/GitHub/Computer-Science-ITU/advanced-programming/exercises/11-eval/Exercises.scala
2025.12.28 21:23:34 WARN  Could not load snapshot text for /home/casperh/GitHub/Computer-Science-ITU/advanced-programming/exercises/11-eval/Exercises.scala
2025.12.28 21:23:35 WARN  Could not load snapshot text for /home/casperh/GitHub/Computer-Science-ITU/advanced-programming/exercises/11-eval/Exercises.scala
2025.12.28 21:23:35 INFO  compiling 11-eval_0f10ccc8b3 (1 scala source)
2025.12.28 21:23:35 INFO  time: compiled 11-eval_0f10ccc8b3 in 0.17s
2025.12.28 21:23:35 WARN  Could not load snapshot text for /home/casperh/GitHub/Computer-Science-ITU/advanced-programming/exercises/11-eval/Exercises.scala
2025.12.28 21:23:46 WARN  Could not load snapshot text for /home/casperh/GitHub/Computer-Science-ITU/advanced-programming/exercises/11-eval/Exercises.scala
2025.12.28 21:23:46 WARN  Could not load snapshot text for /home/casperh/GitHub/Computer-Science-ITU/advanced-programming/exercises/11-eval/Exercises.scala
2025.12.28 21:23:46 WARN  Could not load snapshot text for /home/casperh/GitHub/Computer-Science-ITU/advanced-programming/exercises/11-eval/Exercises.scala
2025.12.28 21:24:43 WARN  Could not load snapshot text for /home/casperh/GitHub/Computer-Science-ITU/advanced-programming/exercises/11-eval/Exercises.scala
2025.12.28 21:24:48 WARN  Could not load snapshot text for /home/casperh/GitHub/Computer-Science-ITU/advanced-programming/exercises/11-eval/Exercises.scala
2025.12.28 21:24:48 WARN  Could not load snapshot text for /home/casperh/GitHub/Computer-Science-ITU/advanced-programming/exercises/11-eval/Exercises.scala
2025.12.28 21:24:48 WARN  Could not load snapshot text for /home/casperh/GitHub/Computer-Science-ITU/advanced-programming/exercises/11-eval/Exercises.scala
2025.12.28 21:24:48 WARN  Could not load snapshot text for /home/casperh/GitHub/Computer-Science-ITU/advanced-programming/exercises/11-eval/Exercises.scala
2025.12.28 21:25:07 WARN  Could not load snapshot text for /home/casperh/GitHub/Computer-Science-ITU/advanced-programming/exercises/11-eval/Exercises.scala
2025.12.28 21:25:08 WARN  Could not load snapshot text for /home/casperh/GitHub/Computer-Science-ITU/advanced-programming/exercises/11-eval/Exercises.scala
2025.12.28 21:25:08 WARN  Could not load snapshot text for /home/casperh/GitHub/Computer-Science-ITU/advanced-programming/exercises/11-eval/Exercises.scala
2025.12.28 21:25:08 INFO  compiling 11-eval_0f10ccc8b3 (1 scala source)
2025.12.28 21:25:08 INFO  time: compiled 11-eval_0f10ccc8b3 in 0.23s
2025.12.28 21:25:09 WARN  Could not load snapshot text for /home/casperh/GitHub/Computer-Science-ITU/advanced-programming/exercises/11-eval/Exercises.scala
2025.12.28 21:25:09 WARN  Could not load snapshot text for /home/casperh/GitHub/Computer-Science-ITU/advanced-programming/exercises/11-eval/Exercises.scala
2025.12.28 21:25:09 WARN  Could not load snapshot text for /home/casperh/GitHub/Computer-Science-ITU/advanced-programming/exercises/11-eval/Exercises.scala
2025.12.28 21:25:09 INFO  empty definition using pc, found symbol in pc:  (full report at: "/home/casperh/GitHub/Computer-Science-ITU/advanced-programming/exercises/11-eval/.metals/.reports/metals-full/2025-12-28/r_empty-definition_(11-eval_5f0f10ccc8b3)_21-21-34-284.md")
2025.12.28 21:25:09 WARN  Could not load snapshot text for /home/casperh/GitHub/Computer-Science-ITU/advanced-programming/exercises/11-eval/Exercises.scala
2025.12.28 21:25:09 WARN  Could not load snapshot text for /home/casperh/GitHub/Computer-Science-ITU/advanced-programming/exercises/11-eval/Exercises.scala
2025.12.28 21:25:09 INFO  empty definition using pc, found symbol in pc:  (full report at: "/home/casperh/GitHub/Computer-Science-ITU/advanced-programming/exercises/11-eval/.metals/.reports/metals-full/2025-12-28/r_empty-definition_(11-eval_5f0f10ccc8b3)_21-21-34-284.md")
2025.12.28 21:25:14 WARN  Could not load snapshot text for /home/casperh/GitHub/Computer-Science-ITU/advanced-programming/exercises/11-eval/Exercises.scala
2025.12.28 21:25:15 WARN  Could not load snapshot text for /home/casperh/GitHub/Computer-Science-ITU/advanced-programming/exercises/11-eval/Exercises.scala
2025.12.28 21:25:15 WARN  Could not load snapshot text for /home/casperh/GitHub/Computer-Science-ITU/advanced-programming/exercises/11-eval/Exercises.scala
2025.12.28 21:25:15 INFO  compiling 11-eval_0f10ccc8b3 (1 scala source)
2025.12.28 21:25:15 INFO  time: compiled 11-eval_0f10ccc8b3 in 0.23s
2025.12.28 21:25:16 WARN  Could not load snapshot text for /home/casperh/GitHub/Computer-Science-ITU/advanced-programming/exercises/11-eval/Exercises.scala
2025.12.28 21:25:31 WARN  Could not load snapshot text for /home/casperh/GitHub/Computer-Science-ITU/advanced-programming/exercises/11-eval/Exercises.scala
Dec 28, 2025 9:25:32 PM org.eclipse.lsp4j.jsonrpc.RemoteEndpoint handleCancellation
WARNING: Unmatched cancel notification for request id 3123
2025.12.28 21:25:42 WARN  Could not load snapshot text for /home/casperh/GitHub/Computer-Science-ITU/advanced-programming/exercises/11-eval/Exercises.scala
2025.12.28 21:25:44 WARN  Could not load snapshot text for /home/casperh/GitHub/Computer-Science-ITU/advanced-programming/exercises/11-eval/Exercises.scala
2025.12.28 21:25:46 WARN  Could not load snapshot text for /home/casperh/GitHub/Computer-Science-ITU/advanced-programming/exercises/11-eval/Exercises.scala
2025.12.28 21:25:50 WARN  Could not load snapshot text for /home/casperh/GitHub/Computer-Science-ITU/advanced-programming/exercises/11-eval/Exercises.scala
2025.12.28 21:25:50 WARN  Could not load snapshot text for /home/casperh/GitHub/Computer-Science-ITU/advanced-programming/exercises/11-eval/Exercises.scala
2025.12.28 21:25:51 WARN  Could not load snapshot text for /home/casperh/GitHub/Computer-Science-ITU/advanced-programming/exercises/11-eval/Exercises.scala
2025.12.28 21:25:52 WARN  Could not load snapshot text for /home/casperh/GitHub/Computer-Science-ITU/advanced-programming/exercises/11-eval/Exercises.scala
2025.12.28 21:25:53 WARN  Could not load snapshot text for /home/casperh/GitHub/Computer-Science-ITU/advanced-programming/exercises/11-eval/Exercises.scala
2025.12.28 21:25:56 WARN  Could not load snapshot text for /home/casperh/GitHub/Computer-Science-ITU/advanced-programming/exercises/11-eval/Exercises.scala
2025.12.28 21:25:59 WARN  Could not load snapshot text for /home/casperh/GitHub/Computer-Science-ITU/advanced-programming/exercises/11-eval/Exercises.scala
2025.12.28 21:25:59 WARN  Could not load snapshot text for /home/casperh/GitHub/Computer-Science-ITU/advanced-programming/exercises/11-eval/Exercises.scala
2025.12.28 21:26:03 WARN  Could not load snapshot text for /home/casperh/GitHub/Computer-Science-ITU/advanced-programming/exercises/11-eval/Exercises.scala
2025.12.28 21:26:04 WARN  Could not load snapshot text for /home/casperh/GitHub/Computer-Science-ITU/advanced-programming/exercises/11-eval/Exercises.scala
2025.12.28 21:26:05 WARN  Could not load snapshot text for /home/casperh/GitHub/Computer-Science-ITU/advanced-programming/exercises/11-eval/Exercises.scala
2025.12.28 21:26:05 WARN  Could not load snapshot text for /home/casperh/GitHub/Computer-Science-ITU/advanced-programming/exercises/11-eval/Exercises.scala
2025.12.28 21:26:06 WARN  Could not load snapshot text for /home/casperh/GitHub/Computer-Science-ITU/advanced-programming/exercises/11-eval/Exercises.scala
2025.12.28 21:26:08 WARN  Could not load snapshot text for /home/casperh/GitHub/Computer-Science-ITU/advanced-programming/exercises/11-eval/Exercises.scala
2025.12.28 21:26:09 WARN  Could not load snapshot text for /home/casperh/GitHub/Computer-Science-ITU/advanced-programming/exercises/11-eval/Exercises.scala
2025.12.28 21:26:13 WARN  Could not load snapshot text for /home/casperh/GitHub/Computer-Science-ITU/advanced-programming/exercises/11-eval/Exercises.scala
2025.12.28 21:26:13 WARN  Could not load snapshot text for /home/casperh/GitHub/Computer-Science-ITU/advanced-programming/exercises/11-eval/Exercises.scala
2025.12.28 21:26:15 WARN  Could not load snapshot text for /home/casperh/GitHub/Computer-Science-ITU/advanced-programming/exercises/11-eval/Exercises.scala
2025.12.28 21:26:16 WARN  Could not load snapshot text for /home/casperh/GitHub/Computer-Science-ITU/advanced-programming/exercises/11-eval/Exercises.scala
2025.12.28 21:26:17 WARN  Could not load snapshot text for /home/casperh/GitHub/Computer-Science-ITU/advanced-programming/exercises/11-eval/Exercises.scala
2025.12.28 21:26:20 WARN  Could not load snapshot text for /home/casperh/GitHub/Computer-Science-ITU/advanced-programming/exercises/11-eval/Exercises.scala
2025.12.28 21:26:21 WARN  Could not load snapshot text for /home/casperh/GitHub/Computer-Science-ITU/advanced-programming/exercises/11-eval/Exercises.scala
2025.12.28 21:26:22 INFO  compiling 11-eval_0f10ccc8b3 (1 scala source)
2025.12.28 21:26:22 INFO  time: compiled 11-eval_0f10ccc8b3 in 0.41s
2025.12.28 21:26:23 WARN  Could not load snapshot text for /home/casperh/GitHub/Computer-Science-ITU/advanced-programming/exercises/11-eval/Exercises.scala
2025.12.28 21:26:35 WARN  Could not load snapshot text for /home/casperh/GitHub/Computer-Science-ITU/advanced-programming/exercises/11-eval/Exercises.scala
2025.12.28 21:26:38 WARN  Could not load snapshot text for /home/casperh/GitHub/Computer-Science-ITU/advanced-programming/exercises/11-eval/Exercises.scala
2025.12.28 21:26:40 WARN  Could not load snapshot text for /home/casperh/GitHub/Computer-Science-ITU/advanced-programming/exercises/11-eval/Exercises.scala
2025.12.28 21:26:42 WARN  Could not load snapshot text for /home/casperh/GitHub/Computer-Science-ITU/advanced-programming/exercises/11-eval/Exercises.scala
2025.12.28 21:26:42 WARN  Could not load snapshot text for /home/casperh/GitHub/Computer-Science-ITU/advanced-programming/exercises/11-eval/Exercises.scala
2025.12.28 21:26:43 WARN  Could not load snapshot text for /home/casperh/GitHub/Computer-Science-ITU/advanced-programming/exercises/11-eval/Exercises.scala
2025.12.28 21:26:44 WARN  Could not load snapshot text for /home/casperh/GitHub/Computer-Science-ITU/advanced-programming/exercises/11-eval/Exercises.scala
2025.12.28 21:26:45 INFO  compiling 11-eval_0f10ccc8b3 (1 scala source)
2025.12.28 21:26:45 INFO  time: compiled 11-eval_0f10ccc8b3 in 0.32s
2025.12.28 21:26:46 WARN  Could not load snapshot text for /home/casperh/GitHub/Computer-Science-ITU/advanced-programming/exercises/11-eval/Exercises.scala
2025.12.28 21:26:48 WARN  Could not load snapshot text for /home/casperh/GitHub/Computer-Science-ITU/advanced-programming/exercises/11-eval/Exercises.scala
2025.12.28 21:26:49 WARN  Could not load snapshot text for /home/casperh/GitHub/Computer-Science-ITU/advanced-programming/exercises/11-eval/Exercises.scala
2025.12.28 21:26:49 WARN  Could not load snapshot text for /home/casperh/GitHub/Computer-Science-ITU/advanced-programming/exercises/11-eval/Exercises.scala
2025.12.28 21:26:49 WARN  Could not load snapshot text for /home/casperh/GitHub/Computer-Science-ITU/advanced-programming/exercises/11-eval/Exercises.scala
2025.12.28 21:26:50 WARN  Could not load snapshot text for /home/casperh/GitHub/Computer-Science-ITU/advanced-programming/exercises/11-eval/Exercises.scala
2025.12.28 21:26:51 WARN  Could not load snapshot text for /home/casperh/GitHub/Computer-Science-ITU/advanced-programming/exercises/11-eval/Exercises.scala
2025.12.28 21:26:52 WARN  Could not load snapshot text for /home/casperh/GitHub/Computer-Science-ITU/advanced-programming/exercises/11-eval/Exercises.scala
2025.12.28 21:26:52 WARN  Could not load snapshot text for /home/casperh/GitHub/Computer-Science-ITU/advanced-programming/exercises/11-eval/Exercises.scala
2025.12.28 21:26:54 WARN  Could not load snapshot text for /home/casperh/GitHub/Computer-Science-ITU/advanced-programming/exercises/11-eval/Exercises.scala
2025.12.28 21:26:54 WARN  Could not load snapshot text for /home/casperh/GitHub/Computer-Science-ITU/advanced-programming/exercises/11-eval/Exercises.scala
2025.12.28 21:26:55 WARN  Could not load snapshot text for /home/casperh/GitHub/Computer-Science-ITU/advanced-programming/exercises/11-eval/Exercises.scala
Dec 28, 2025 9:26:56 PM org.eclipse.lsp4j.jsonrpc.RemoteEndpoint handleCancellation
WARNING: Unmatched cancel notification for request id 3622
2025.12.28 21:26:57 WARN  Could not load snapshot text for /home/casperh/GitHub/Computer-Science-ITU/advanced-programming/exercises/11-eval/Exercises.scala
2025.12.28 21:26:57 WARN  Could not load snapshot text for /home/casperh/GitHub/Computer-Science-ITU/advanced-programming/exercises/11-eval/Exercises.scala
2025.12.28 21:26:59 WARN  Could not load snapshot text for /home/casperh/GitHub/Computer-Science-ITU/advanced-programming/exercises/11-eval/Exercises.scala
2025.12.28 21:27:00 WARN  Could not load snapshot text for /home/casperh/GitHub/Computer-Science-ITU/advanced-programming/exercises/11-eval/Exercises.scala
2025.12.28 21:27:01 WARN  Could not load snapshot text for /home/casperh/GitHub/Computer-Science-ITU/advanced-programming/exercises/11-eval/Exercises.scala
2025.12.28 21:27:02 WARN  Could not load snapshot text for /home/casperh/GitHub/Computer-Science-ITU/advanced-programming/exercises/11-eval/Exercises.scala
2025.12.28 21:27:05 WARN  Could not load snapshot text for /home/casperh/GitHub/Computer-Science-ITU/advanced-programming/exercises/11-eval/Exercises.scala
2025.12.28 21:27:08 WARN  Could not load snapshot text for /home/casperh/GitHub/Computer-Science-ITU/advanced-programming/exercises/11-eval/Exercises.scala
2025.12.28 21:27:14 WARN  Could not load snapshot text for /home/casperh/GitHub/Computer-Science-ITU/advanced-programming/exercises/11-eval/Exercises.scala
2025.12.28 21:27:14 WARN  Could not load snapshot text for /home/casperh/GitHub/Computer-Science-ITU/advanced-programming/exercises/11-eval/Exercises.scala
2025.12.28 21:27:15 WARN  Could not load snapshot text for /home/casperh/GitHub/Computer-Science-ITU/advanced-programming/exercises/11-eval/Exercises.scala
2025.12.28 21:27:16 WARN  Could not load snapshot text for /home/casperh/GitHub/Computer-Science-ITU/advanced-programming/exercises/11-eval/Exercises.scala
2025.12.28 21:27:18 WARN  Could not load snapshot text for /home/casperh/GitHub/Computer-Science-ITU/advanced-programming/exercises/11-eval/Exercises.scala
2025.12.28 21:27:19 WARN  Could not load snapshot text for /home/casperh/GitHub/Computer-Science-ITU/advanced-programming/exercises/11-eval/Exercises.scala
2025.12.28 21:27:19 WARN  Could not load snapshot text for /home/casperh/GitHub/Computer-Science-ITU/advanced-programming/exercises/11-eval/Exercises.scala
2025.12.28 21:27:20 WARN  Could not load snapshot text for /home/casperh/GitHub/Computer-Science-ITU/advanced-programming/exercises/11-eval/Exercises.scala
2025.12.28 21:27:21 WARN  Could not load snapshot text for /home/casperh/GitHub/Computer-Science-ITU/advanced-programming/exercises/11-eval/Exercises.scala
2025.12.28 21:27:22 WARN  Could not load snapshot text for /home/casperh/GitHub/Computer-Science-ITU/advanced-programming/exercises/11-eval/Exercises.scala
2025.12.28 21:27:23 WARN  Could not load snapshot text for /home/casperh/GitHub/Computer-Science-ITU/advanced-programming/exercises/11-eval/Exercises.scala
2025.12.28 21:27:24 WARN  Could not load snapshot text for /home/casperh/GitHub/Computer-Science-ITU/advanced-programming/exercises/11-eval/Exercises.scala
2025.12.28 21:27:24 INFO  compiling 11-eval_0f10ccc8b3 (1 scala source)
2025.12.28 21:27:24 INFO  time: compiled 11-eval_0f10ccc8b3 in 0.56s
2025.12.28 21:27:25 WARN  Could not load snapshot text for /home/casperh/GitHub/Computer-Science-ITU/advanced-programming/exercises/11-eval/Exercises.scala
2025.12.28 21:27:29 WARN  Could not load snapshot text for /home/casperh/GitHub/Computer-Science-ITU/advanced-programming/exercises/11-eval/Exercises.scala
2025.12.28 21:27:29 WARN  Could not load snapshot text for /home/casperh/GitHub/Computer-Science-ITU/advanced-programming/exercises/11-eval/Exercises.scala
2025.12.28 21:27:29 WARN  Could not load snapshot text for /home/casperh/GitHub/Computer-Science-ITU/advanced-programming/exercises/11-eval/Exercises.scala
2025.12.28 21:27:29 WARN  Could not load snapshot text for /home/casperh/GitHub/Computer-Science-ITU/advanced-programming/exercises/11-eval/Exercises.scala
2025.12.28 21:27:30 WARN  Could not load snapshot text for /home/casperh/GitHub/Computer-Science-ITU/advanced-programming/exercises/11-eval/Exercises.scala
2025.12.28 21:27:30 WARN  Could not load snapshot text for /home/casperh/GitHub/Computer-Science-ITU/advanced-programming/exercises/11-eval/Exercises.scala
2025.12.28 21:27:31 WARN  Could not load snapshot text for /home/casperh/GitHub/Computer-Science-ITU/advanced-programming/exercises/11-eval/Exercises.scala
2025.12.28 21:27:32 INFO  compiling 11-eval_0f10ccc8b3 (1 scala source)
2025.12.28 21:27:32 WARN  Could not load snapshot text for /home/casperh/GitHub/Computer-Science-ITU/advanced-programming/exercises/11-eval/Exercises.scala
2025.12.28 21:27:32 INFO  time: compiled 11-eval_0f10ccc8b3 in 0.8s
2025.12.28 21:29:45 INFO  compiling 11-eval_0f10ccc8b3 (1 scala source)
2025.12.28 21:29:48 INFO  time: compiled 11-eval_0f10ccc8b3 in 2.35s
2025.12.28 21:30:15 INFO  compiling 11-eval_0f10ccc8b3 (1 scala source)
2025.12.28 21:30:15 INFO  time: compiled 11-eval_0f10ccc8b3 in 0.96s
2025.12.28 21:37:20 INFO  Created report: Optional[file:///home/casperh/GitHub/Computer-Science-ITU/advanced-programming/exercises/11-eval/Exercises.scala]
2025.12.28 21:37:20 INFO  java.lang.IndexOutOfBoundsException: 0 (full report at: "/home/casperh/GitHub/Computer-Science-ITU/advanced-programming/exercises/11-eval/.metals/.reports/metals-full/2025-12-28/r_compiler-error_(11-eval_5f0f10ccc8b3)_21-37-20-233.md")
2025.12.28 21:37:34 INFO  Created report: Optional[file:///home/casperh/GitHub/Computer-Science-ITU/advanced-programming/exercises/11-eval/Exercises.scala]
2025.12.28 21:37:34 INFO  java.lang.IndexOutOfBoundsException: 0 (full report at: "/home/casperh/GitHub/Computer-Science-ITU/advanced-programming/exercises/11-eval/.metals/.reports/metals-full/2025-12-28/r_compiler-error_(11-eval_5f0f10ccc8b3)_21-37-34-876.md")
2025.12.28 21:37:47 INFO  Created report: Optional[file:///home/casperh/GitHub/Computer-Science-ITU/advanced-programming/exercises/11-eval/Exercises.scala]
2025.12.28 21:37:47 INFO  java.lang.IndexOutOfBoundsException: 0 (full report at: "/home/casperh/GitHub/Computer-Science-ITU/advanced-programming/exercises/11-eval/.metals/.reports/metals-full/2025-12-28/r_compiler-error_(11-eval_5f0f10ccc8b3)_21-37-47-257.md")
2025.12.28 21:37:47 INFO  Created report: Optional[file:///home/casperh/GitHub/Computer-Science-ITU/advanced-programming/exercises/11-eval/Exercises.scala]
2025.12.28 21:37:47 INFO  java.lang.IndexOutOfBoundsException: 1 (full report at: "/home/casperh/GitHub/Computer-Science-ITU/advanced-programming/exercises/11-eval/.metals/.reports/metals-full/2025-12-28/r_compiler-error_(11-eval_5f0f10ccc8b3)_21-37-48-001.md")
2025.12.28 21:38:12 INFO  compiling 11-eval_0f10ccc8b3 (1 scala source)
2025.12.28 21:38:13 INFO  time: compiled 11-eval_0f10ccc8b3 in 1.06s
2025.12.28 21:39:00 INFO  compiling 11-eval_0f10ccc8b3 (1 scala source)
2025.12.28 21:39:00 INFO  time: compiled 11-eval_0f10ccc8b3 in 0.34s
2025.12.28 21:39:30 INFO  compiling 11-eval_0f10ccc8b3 (1 scala source)
2025.12.28 21:39:30 INFO  time: compiled 11-eval_0f10ccc8b3 in 0.4s
2025.12.28 21:39:47 INFO  compiling 11-eval_0f10ccc8b3 (1 scala source)
2025.12.28 21:39:47 INFO  time: compiled 11-eval_0f10ccc8b3 in 0.24s
2025.12.28 21:39:59 INFO  empty definition using pc, found symbol in pc:  (full report at: "/home/casperh/GitHub/Computer-Science-ITU/advanced-programming/exercises/11-eval/.metals/.reports/metals-full/2025-12-28/r_empty-definition_(11-eval_5f0f10ccc8b3)_21-21-34-284.md")
Exception in thread "pool-5-thread-1" java.lang.InterruptedException
	at scala.meta.internal.metals.FutureCancelToken.checkCanceled(FutureCancelToken.scala:29)
	at scala.meta.internal.pc.CompilerAccess.onCompilerJobQueue$$anonfun$1(CompilerAccess.scala:208)
	at scala.meta.internal.pc.CompilerJobQueue$Job.run(CompilerJobQueue.scala:153)
	at java.base/java.util.concurrent.ThreadPoolExecutor.runWorker(ThreadPoolExecutor.java:1144)
	at java.base/java.util.concurrent.ThreadPoolExecutor$Worker.run(ThreadPoolExecutor.java:642)
	at java.base/java.lang.Thread.run(Thread.java:1583)
Exception in thread "pool-5-thread-2" java.lang.InterruptedException
	at scala.meta.internal.metals.FutureCancelToken.checkCanceled(FutureCancelToken.scala:29)
	at scala.meta.internal.pc.CompilerAccess.onCompilerJobQueue$$anonfun$1(CompilerAccess.scala:208)
	at scala.meta.internal.pc.CompilerJobQueue$Job.run(CompilerJobQueue.scala:153)
	at java.base/java.util.concurrent.ThreadPoolExecutor.runWorker(ThreadPoolExecutor.java:1144)
	at java.base/java.util.concurrent.ThreadPoolExecutor$Worker.run(ThreadPoolExecutor.java:642)
	at java.base/java.lang.Thread.run(Thread.java:1583)
2025.12.28 21:40:02 INFO  empty definition using pc, found symbol in pc:  (full report at: "/home/casperh/GitHub/Computer-Science-ITU/advanced-programming/exercises/11-eval/.metals/.reports/metals-full/2025-12-28/r_empty-definition_(11-eval_5f0f10ccc8b3)_21-21-34-284.md")
2025.12.28 21:40:02 INFO  empty definition using pc, found symbol in pc:  (full report at: "/home/casperh/GitHub/Computer-Science-ITU/advanced-programming/exercises/11-eval/.metals/.reports/metals-full/2025-12-28/r_empty-definition_(11-eval_5f0f10ccc8b3)_21-21-34-284.md")
Dec 28, 2025 9:40:02 PM org.eclipse.lsp4j.jsonrpc.RemoteEndpoint handleCancellation
WARNING: Unmatched cancel notification for request id 5536
2025.12.28 21:40:03 INFO  compiling 11-eval_0f10ccc8b3 (1 scala source)
2025.12.28 21:40:03 INFO  time: compiled 11-eval_0f10ccc8b3 in 0.2s
2025.12.28 21:40:18 INFO  compiling 11-eval_0f10ccc8b3 (1 scala source)
2025.12.28 21:40:18 INFO  time: compiled 11-eval_0f10ccc8b3 in 0.18s
2025.12.28 21:40:22 INFO  compiling 11-eval_0f10ccc8b3 (1 scala source)
2025.12.28 21:40:22 INFO  time: compiled 11-eval_0f10ccc8b3 in 0.24s
2025.12.28 21:40:25 INFO  compiling 11-eval_0f10ccc8b3 (1 scala source)
2025.12.28 21:40:25 INFO  time: compiled 11-eval_0f10ccc8b3 in 0.23s
2025.12.28 21:40:38 INFO  compiling 11-eval_0f10ccc8b3 (1 scala source)
2025.12.28 21:40:38 INFO  time: compiled 11-eval_0f10ccc8b3 in 0.22s
2025.12.28 21:41:01 INFO  compiling 11-eval_0f10ccc8b3 (1 scala source)
2025.12.28 21:41:01 INFO  time: compiled 11-eval_0f10ccc8b3 in 0.35s
2025.12.28 21:41:06 INFO  compiling 11-eval_0f10ccc8b3 (1 scala source)
2025.12.28 21:41:08 INFO  time: compiled 11-eval_0f10ccc8b3 in 1.22s
2025.12.29 10:08:09 INFO  Shutting down server
2025.12.29 10:08:09 INFO  shutting down Metals
2025.12.29 10:08:09 INFO  Shut down connection with build server.
2025.12.29 10:08:09 INFO  BSP server: Dec 29, 2025 10:08:09 AM org.eclipse.lsp4j.jsonrpc.RemoteEndpoint handleNotification
2025.12.29 10:08:09 INFO  Exiting server
