2025.12.15 16:07:57 INFO  Started: Metals version 1.6.4 in folders '/home/casperh/GitHub/Computer-Science-ITU/advanced-programming/excercises/09-monad' for client Zed 0.216.1+stable.95.81870d5cf77d61d40ec526a37141ebe3a74318ca.[0m
2025.12.15 16:07:58 WARN  Using H2 2.4.240 which is newer than the version Flyway has been verified with. The latest verified version of H2 is 2.3.232.[0m
2025.12.15 16:07:58 INFO  no build target found for /home/casperh/GitHub/Computer-Science-ITU/advanced-programming/excercises/09-monad/Exercises.scala. Using presentation compiler with project's scala-library version: 3.3.6[0m
2025.12.15 16:07:59 INFO  Attempting to connect to the build server...[0m
2025.12.15 16:07:59 INFO  Running BSP server List(/usr/local/bin/scala-cli, bsp, --json-options, /home/casperh/GitHub/Computer-Science-ITU/advanced-programming/excercises/09-monad/.scala-build/ide-options-v2.json, --json-launcher-options, /home/casperh/GitHub/Computer-Science-ITU/advanced-programming/excercises/09-monad/.scala-build/ide-launcher-options.json, --envs-file, /home/casperh/GitHub/Computer-Science-ITU/advanced-programming/excercises/09-monad/.scala-build/ide-envs.json, /home/casperh/GitHub/Computer-Science-ITU/advanced-programming/excercises/09-monad)[0m
2025.12.15 16:07:59 INFO  tracing is disabled for protocol BSP, to enable tracing of incoming and outgoing JSON messages create an empty file at /home/casperh/GitHub/Computer-Science-ITU/advanced-programming/excercises/09-monad/.metals/bsp.trace.json or /home/casperh/.cache/metals/bsp.trace.json[0m
2025.12.15 16:07:59 INFO  time: Connected to build server in 0.79s[0m
2025.12.15 16:08:00 INFO  Connected to Build server: scala-cli v1.8.5[0m
2025.12.15 16:08:00 INFO  time: Imported build in 0.15s[0m
2025.12.15 16:08:00 INFO  compiling 09-monad_0f10ccc8b3 (1 scala source)[0m
2025.12.15 16:08:09 WARN  Using H2 2.4.240 which is newer than the version Flyway has been verified with. The latest verified version of H2 is 2.3.232.[0m
2025.12.15 16:08:09 INFO  Selected port 5031[0m
Dec 15, 2025 4:08:09 PM io.undertow.Undertow start
INFO: starting server: Undertow - 2.3.12.Final
Dec 15, 2025 4:08:09 PM org.xnio.Xnio <clinit>
INFO: XNIO version 3.8.17.Final
Dec 15, 2025 4:08:10 PM org.xnio.nio.NioXnio <clinit>
INFO: XNIO NIO Implementation Version 3.8.17.Final
Dec 15, 2025 4:08:10 PM org.jboss.threads.Version <clinit>
INFO: JBoss Threads version 3.5.0.Final
2025.12.15 16:08:11 INFO  Started Metals http server at http://127.0.0.1:5031[0m
2025.12.15 16:08:13 INFO  compiling 09-monad_0f10ccc8b3-test (1 scala source)[0m
2025.12.15 16:08:15 INFO  time: indexed workspace in 14s[0m
java.lang.UnsupportedOperationException
	at org.eclipse.lsp4j.services.LanguageClient.refreshCodeLenses(LanguageClient.java:208)
	at scala.meta.internal.metals.clients.language.ConfiguredLanguageClient.refreshModel(ConfiguredLanguageClient.scala:194)
	at scala.meta.internal.metals.Indexer.$anonfun$indexWorkspace$23(Indexer.scala:229)
	at scala.util.Success.foreach(Try.scala:268)
	at scala.concurrent.impl.Promise$Transformation.run(Promise.scala:514)
	at java.base/java.util.concurrent.ThreadPoolExecutor.runWorker(ThreadPoolExecutor.java:1144)
	at java.base/java.util.concurrent.ThreadPoolExecutor$Worker.run(ThreadPoolExecutor.java:642)
	at java.base/java.lang.Thread.run(Thread.java:1583)
2025.12.15 16:08:17 INFO  time: compiled 09-monad_0f10ccc8b3-test in 3.34s[0m
2025.12.15 16:08:21 ERROR /home/casperh/GitHub/Computer-Science-ITU/advanced-programming/excercises/09-monad/Exercises.test.scala
/home/casperh/GitHub/Computer-Science-ITU/advanced-programming/excercises/09-monad/.metals/.tmp/Exercises.test.scala:92: error: illegal start of simple expression
  given Foldable[UnitFoldable] = new:
  ^[0m
2025.12.15 16:08:21 ERROR Map()[0m
2025.12.15 16:08:21 ERROR /home/casperh/GitHub/Computer-Science-ITU/advanced-programming/excercises/09-monad/Exercises.test.scala
/home/casperh/GitHub/Computer-Science-ITU/advanced-programming/excercises/09-monad/.metals/.tmp/Exercises.test.scala:92: error: illegal start of simple expression
  given Foldable[UnitFoldable] = new:
  ^[0m
2025.12.15 16:08:21 ERROR Map()[0m
2025.12.15 16:08:21 ERROR /home/casperh/GitHub/Computer-Science-ITU/advanced-programming/excercises/09-monad/.metals/.tmp/Exercises.test.scala:92: error: illegal start of simple expression
  given Foldable[UnitFoldable] = new:
  ^
scala.meta.internal.metals.ScalafixProvider$ScalafixRunException: /home/casperh/GitHub/Computer-Science-ITU/advanced-programming/excercises/09-monad/.metals/.tmp/Exercises.test.scala:92: error: illegal start of simple expression
  given Foldable[UnitFoldable] = new:
  ^
	at scala.meta.internal.metals.ScalafixProvider.$anonfun$runScalafixRules$4(ScalafixProvider.scala:200)
	at scala.concurrent.impl.Promise$Transformation.run(Promise.scala:503)
	at java.util.concurrent.ThreadPoolExecutor.runWorker(ThreadPoolExecutor.java:1144)
	at java.util.concurrent.ThreadPoolExecutor$Worker.run(ThreadPoolExecutor.java:642)
	at java.lang.Thread.run(Thread.java:1583)
[0m
2025.12.15 16:08:21 ERROR /home/casperh/GitHub/Computer-Science-ITU/advanced-programming/excercises/09-monad/.metals/.tmp/Exercises.test.scala:92: error: illegal start of simple expression
  given Foldable[UnitFoldable] = new:
  ^
scala.meta.internal.metals.ScalafixProvider$ScalafixRunException: /home/casperh/GitHub/Computer-Science-ITU/advanced-programming/excercises/09-monad/.metals/.tmp/Exercises.test.scala:92: error: illegal start of simple expression
  given Foldable[UnitFoldable] = new:
  ^
	at scala.meta.internal.metals.ScalafixProvider.$anonfun$runScalafixRules$4(ScalafixProvider.scala:200)
	at scala.concurrent.impl.Promise$Transformation.run(Promise.scala:503)
	at java.util.concurrent.ThreadPoolExecutor.runWorker(ThreadPoolExecutor.java:1144)
	at java.util.concurrent.ThreadPoolExecutor$Worker.run(ThreadPoolExecutor.java:642)
	at java.lang.Thread.run(Thread.java:1583)
[0m
Dec 15, 2025 4:08:21 PM org.eclipse.lsp4j.jsonrpc.RemoteEndpoint fallbackResponseError
SEVERE: Internal error: scala.meta.internal.metals.ScalafixProvider$ScalafixRunException: /home/casperh/GitHub/Computer-Science-ITU/advanced-programming/excercises/09-monad/.metals/.tmp/Exercises.test.scala:92: error: illegal start of simple expression
  given Foldable[UnitFoldable] = new:
  ^
java.util.concurrent.CompletionException: scala.meta.internal.metals.ScalafixProvider$ScalafixRunException: /home/casperh/GitHub/Computer-Science-ITU/advanced-programming/excercises/09-monad/.metals/.tmp/Exercises.test.scala:92: error: illegal start of simple expression
  given Foldable[UnitFoldable] = new:
  ^
	at java.base/java.util.concurrent.CompletableFuture.encodeThrowable(CompletableFuture.java:332)
	at java.base/java.util.concurrent.CompletableFuture.completeThrowable(CompletableFuture.java:347)
	at java.base/java.util.concurrent.CompletableFuture$UniAccept.tryFire(CompletableFuture.java:708)
	at java.base/java.util.concurrent.CompletableFuture.postComplete(CompletableFuture.java:510)
	at java.base/java.util.concurrent.CompletableFuture.completeExceptionally(CompletableFuture.java:2194)
	at scala.meta.internal.metals.CancelTokens$.$anonfun$future$1(CancelTokens.scala:40)
	at scala.meta.internal.metals.CancelTokens$.$anonfun$future$1$adapted(CancelTokens.scala:38)
	at scala.concurrent.impl.Promise$Transformation.run(Promise.scala:517)
	at java.base/java.util.concurrent.ThreadPoolExecutor.runWorker(ThreadPoolExecutor.java:1144)
	at java.base/java.util.concurrent.ThreadPoolExecutor$Worker.run(ThreadPoolExecutor.java:642)
	at java.base/java.lang.Thread.run(Thread.java:1583)
Caused by: scala.meta.internal.metals.ScalafixProvider$ScalafixRunException: /home/casperh/GitHub/Computer-Science-ITU/advanced-programming/excercises/09-monad/.metals/.tmp/Exercises.test.scala:92: error: illegal start of simple expression
  given Foldable[UnitFoldable] = new:
  ^
	at scala.meta.internal.metals.ScalafixProvider.$anonfun$runScalafixRules$4(ScalafixProvider.scala:200)
	at scala.concurrent.impl.Promise$Transformation.run(Promise.scala:503)
	... 3 more

Dec 15, 2025 4:08:21 PM org.eclipse.lsp4j.jsonrpc.RemoteEndpoint fallbackResponseError
SEVERE: Internal error: scala.meta.internal.metals.ScalafixProvider$ScalafixRunException: /home/casperh/GitHub/Computer-Science-ITU/advanced-programming/excercises/09-monad/.metals/.tmp/Exercises.test.scala:92: error: illegal start of simple expression
  given Foldable[UnitFoldable] = new:
  ^
java.util.concurrent.CompletionException: scala.meta.internal.metals.ScalafixProvider$ScalafixRunException: /home/casperh/GitHub/Computer-Science-ITU/advanced-programming/excercises/09-monad/.metals/.tmp/Exercises.test.scala:92: error: illegal start of simple expression
  given Foldable[UnitFoldable] = new:
  ^
	at java.base/java.util.concurrent.CompletableFuture.encodeThrowable(CompletableFuture.java:332)
	at java.base/java.util.concurrent.CompletableFuture.completeThrowable(CompletableFuture.java:347)
	at java.base/java.util.concurrent.CompletableFuture$UniAccept.tryFire(CompletableFuture.java:708)
	at java.base/java.util.concurrent.CompletableFuture.postComplete(CompletableFuture.java:510)
	at java.base/java.util.concurrent.CompletableFuture.completeExceptionally(CompletableFuture.java:2194)
	at scala.meta.internal.metals.CancelTokens$.$anonfun$future$1(CancelTokens.scala:40)
	at scala.meta.internal.metals.CancelTokens$.$anonfun$future$1$adapted(CancelTokens.scala:38)
	at scala.concurrent.impl.Promise$Transformation.run(Promise.scala:517)
	at java.base/java.util.concurrent.ThreadPoolExecutor.runWorker(ThreadPoolExecutor.java:1144)
	at java.base/java.util.concurrent.ThreadPoolExecutor$Worker.run(ThreadPoolExecutor.java:642)
	at java.base/java.lang.Thread.run(Thread.java:1583)
Caused by: scala.meta.internal.metals.ScalafixProvider$ScalafixRunException: /home/casperh/GitHub/Computer-Science-ITU/advanced-programming/excercises/09-monad/.metals/.tmp/Exercises.test.scala:92: error: illegal start of simple expression
  given Foldable[UnitFoldable] = new:
  ^
	at scala.meta.internal.metals.ScalafixProvider.$anonfun$runScalafixRules$4(ScalafixProvider.scala:200)
	at scala.concurrent.impl.Promise$Transformation.run(Promise.scala:503)
	... 3 more

2025.12.15 16:08:30 ERROR /home/casperh/GitHub/Computer-Science-ITU/advanced-programming/excercises/09-monad/Exercises.test.scala
/home/casperh/GitHub/Computer-Science-ITU/advanced-programming/excercises/09-monad/.metals/.tmp/Exercises.test.scala:92: error: illegal start of simple expression
  given Foldable[UnitFoldable] = new:
  ^[0m
2025.12.15 16:08:30 ERROR Map()[0m
2025.12.15 16:08:30 ERROR /home/casperh/GitHub/Computer-Science-ITU/advanced-programming/excercises/09-monad/.metals/.tmp/Exercises.test.scala:92: error: illegal start of simple expression
  given Foldable[UnitFoldable] = new:
  ^
scala.meta.internal.metals.ScalafixProvider$ScalafixRunException: /home/casperh/GitHub/Computer-Science-ITU/advanced-programming/excercises/09-monad/.metals/.tmp/Exercises.test.scala:92: error: illegal start of simple expression
  given Foldable[UnitFoldable] = new:
  ^
	at scala.meta.internal.metals.ScalafixProvider.$anonfun$runScalafixRules$4(ScalafixProvider.scala:200)
	at scala.concurrent.impl.Promise$Transformation.run(Promise.scala:503)
	at java.util.concurrent.ThreadPoolExecutor.runWorker(ThreadPoolExecutor.java:1144)
	at java.util.concurrent.ThreadPoolExecutor$Worker.run(ThreadPoolExecutor.java:642)
	at java.lang.Thread.run(Thread.java:1583)
[0m
Dec 15, 2025 4:08:30 PM org.eclipse.lsp4j.jsonrpc.RemoteEndpoint fallbackResponseError
SEVERE: Internal error: scala.meta.internal.metals.ScalafixProvider$ScalafixRunException: /home/casperh/GitHub/Computer-Science-ITU/advanced-programming/excercises/09-monad/.metals/.tmp/Exercises.test.scala:92: error: illegal start of simple expression
  given Foldable[UnitFoldable] = new:
  ^
java.util.concurrent.CompletionException: scala.meta.internal.metals.ScalafixProvider$ScalafixRunException: /home/casperh/GitHub/Computer-Science-ITU/advanced-programming/excercises/09-monad/.metals/.tmp/Exercises.test.scala:92: error: illegal start of simple expression
  given Foldable[UnitFoldable] = new:
  ^
	at java.base/java.util.concurrent.CompletableFuture.encodeThrowable(CompletableFuture.java:332)
	at java.base/java.util.concurrent.CompletableFuture.completeThrowable(CompletableFuture.java:347)
	at java.base/java.util.concurrent.CompletableFuture$UniAccept.tryFire(CompletableFuture.java:708)
	at java.base/java.util.concurrent.CompletableFuture.postComplete(CompletableFuture.java:510)
	at java.base/java.util.concurrent.CompletableFuture.completeExceptionally(CompletableFuture.java:2194)
	at scala.meta.internal.metals.CancelTokens$.$anonfun$future$1(CancelTokens.scala:40)
	at scala.meta.internal.metals.CancelTokens$.$anonfun$future$1$adapted(CancelTokens.scala:38)
	at scala.concurrent.impl.Promise$Transformation.run(Promise.scala:517)
	at java.base/java.util.concurrent.ThreadPoolExecutor.runWorker(ThreadPoolExecutor.java:1144)
	at java.base/java.util.concurrent.ThreadPoolExecutor$Worker.run(ThreadPoolExecutor.java:642)
	at java.base/java.lang.Thread.run(Thread.java:1583)
Caused by: scala.meta.internal.metals.ScalafixProvider$ScalafixRunException: /home/casperh/GitHub/Computer-Science-ITU/advanced-programming/excercises/09-monad/.metals/.tmp/Exercises.test.scala:92: error: illegal start of simple expression
  given Foldable[UnitFoldable] = new:
  ^
	at scala.meta.internal.metals.ScalafixProvider.$anonfun$runScalafixRules$4(ScalafixProvider.scala:200)
	at scala.concurrent.impl.Promise$Transformation.run(Promise.scala:503)
	... 3 more

2025.12.15 16:08:33 ERROR /home/casperh/GitHub/Computer-Science-ITU/advanced-programming/excercises/09-monad/Exercises.test.scala
/home/casperh/GitHub/Computer-Science-ITU/advanced-programming/excercises/09-monad/.metals/.tmp/Exercises.test.scala:92: error: illegal start of simple expression
  given Foldable[UnitFoldable] = new:
  ^[0m
2025.12.15 16:08:33 ERROR Map()[0m
2025.12.15 16:08:33 ERROR /home/casperh/GitHub/Computer-Science-ITU/advanced-programming/excercises/09-monad/.metals/.tmp/Exercises.test.scala:92: error: illegal start of simple expression
  given Foldable[UnitFoldable] = new:
  ^
scala.meta.internal.metals.ScalafixProvider$ScalafixRunException: /home/casperh/GitHub/Computer-Science-ITU/advanced-programming/excercises/09-monad/.metals/.tmp/Exercises.test.scala:92: error: illegal start of simple expression
  given Foldable[UnitFoldable] = new:
  ^
	at scala.meta.internal.metals.ScalafixProvider.$anonfun$runScalafixRules$4(ScalafixProvider.scala:200)
	at scala.concurrent.impl.Promise$Transformation.run(Promise.scala:503)
	at java.util.concurrent.ThreadPoolExecutor.runWorker(ThreadPoolExecutor.java:1144)
	at java.util.concurrent.ThreadPoolExecutor$Worker.run(ThreadPoolExecutor.java:642)
	at java.lang.Thread.run(Thread.java:1583)
[0m
2025.12.15 16:08:33 ERROR /home/casperh/GitHub/Computer-Science-ITU/advanced-programming/excercises/09-monad/Exercises.test.scala
/home/casperh/GitHub/Computer-Science-ITU/advanced-programming/excercises/09-monad/.metals/.tmp/Exercises.test.scala:92: error: illegal start of simple expression
  given Foldable[UnitFoldable] = new:
  ^[0m
2025.12.15 16:08:33 ERROR Map()[0m
2025.12.15 16:08:33 ERROR /home/casperh/GitHub/Computer-Science-ITU/advanced-programming/excercises/09-monad/.metals/.tmp/Exercises.test.scala:92: error: illegal start of simple expression
  given Foldable[UnitFoldable] = new:
  ^
scala.meta.internal.metals.ScalafixProvider$ScalafixRunException: /home/casperh/GitHub/Computer-Science-ITU/advanced-programming/excercises/09-monad/.metals/.tmp/Exercises.test.scala:92: error: illegal start of simple expression
  given Foldable[UnitFoldable] = new:
  ^
	at scala.meta.internal.metals.ScalafixProvider.$anonfun$runScalafixRules$4(ScalafixProvider.scala:200)
	at scala.concurrent.impl.Promise$Transformation.run(Promise.scala:503)
	at java.util.concurrent.ThreadPoolExecutor.runWorker(ThreadPoolExecutor.java:1144)
	at java.util.concurrent.ThreadPoolExecutor$Worker.run(ThreadPoolExecutor.java:642)
	at java.lang.Thread.run(Thread.java:1583)
[0m
2025.12.15 16:08:34 INFO  compiling 09-monad_0f10ccc8b3-test (1 scala source)[0m
2025.12.15 16:08:35 INFO  time: compiled 09-monad_0f10ccc8b3-test in 1.16s[0m
Dec 15, 2025 4:08:38 PM org.eclipse.lsp4j.jsonrpc.RemoteEndpoint fallbackResponseError
SEVERE: Internal error: java.nio.file.FileAlreadyExistsException: /home/casperh/GitHub/Computer-Science-ITU/advanced-programming/excercises/09-monad/.metals/.tmp/Exercises.test.scala
java.util.concurrent.CompletionException: java.nio.file.FileAlreadyExistsException: /home/casperh/GitHub/Computer-Science-ITU/advanced-programming/excercises/09-monad/.metals/.tmp/Exercises.test.scala
	at java.base/java.util.concurrent.CompletableFuture.encodeThrowable(CompletableFuture.java:332)
	at java.base/java.util.concurrent.CompletableFuture.completeThrowable(CompletableFuture.java:347)
	at java.base/java.util.concurrent.CompletableFuture$UniAccept.tryFire(CompletableFuture.java:708)
	at java.base/java.util.concurrent.CompletableFuture.postComplete(CompletableFuture.java:510)
	at java.base/java.util.concurrent.CompletableFuture.completeExceptionally(CompletableFuture.java:2194)
	at scala.meta.internal.metals.CancelTokens$.$anonfun$future$1(CancelTokens.scala:40)
	at scala.meta.internal.metals.CancelTokens$.$anonfun$future$1$adapted(CancelTokens.scala:38)
	at scala.concurrent.impl.Promise$Transformation.run(Promise.scala:517)
	at java.base/java.util.concurrent.ThreadPoolExecutor.runWorker(ThreadPoolExecutor.java:1144)
	at java.base/java.util.concurrent.ThreadPoolExecutor$Worker.run(ThreadPoolExecutor.java:642)
	at java.base/java.lang.Thread.run(Thread.java:1583)
Caused by: java.nio.file.FileAlreadyExistsException: /home/casperh/GitHub/Computer-Science-ITU/advanced-programming/excercises/09-monad/.metals/.tmp/Exercises.test.scala
	at java.base/sun.nio.fs.UnixException.translateToIOException(UnixException.java:94)
	at java.base/sun.nio.fs.UnixException.rethrowAsIOException(UnixException.java:106)
	at java.base/sun.nio.fs.UnixException.rethrowAsIOException(UnixException.java:111)
	at java.base/sun.nio.fs.UnixFileSystem.copyFile(UnixFileSystem.java:668)
	at java.base/sun.nio.fs.UnixFileSystem.move(UnixFileSystem.java:954)
	at java.base/sun.nio.fs.UnixFileSystemProvider.move(UnixFileSystemProvider.java:309)
	at java.base/java.nio.file.Files.move(Files.java:1431)
	at scala.meta.internal.mtags.ScalametaCommonEnrichments$XtensionAbsolutePath.writeText(ScalametaCommonEnrichments.scala:558)
	at scala.meta.internal.metals.ScalafixProvider.$anonfun$scalafixEvaluate$3(ScalafixProvider.scala:448)
	at scala.Option.map(Option.scala:242)
	at scala.meta.internal.metals.ScalafixProvider.scala$meta$internal$metals$ScalafixProvider$$scalafixEvaluate(ScalafixProvider.scala:446)
	at scala.meta.internal.metals.ScalafixProvider.$anonfun$runScalafixRules$3(ScalafixProvider.scala:159)
	at scala.concurrent.impl.Promise$Transformation.run(Promise.scala:503)
	... 3 more

2025.12.15 16:08:38 ERROR /home/casperh/GitHub/Computer-Science-ITU/advanced-programming/excercises/09-monad/Exercises.test.scala
/home/casperh/GitHub/Computer-Science-ITU/advanced-programming/excercises/09-monad/.metals/.tmp/Exercises.test.scala:92: error: illegal start of simple expression
  given Foldable[UnitFoldable] = new:
  ^[0m
2025.12.15 16:08:38 ERROR Map()[0m
2025.12.15 16:08:38 ERROR /home/casperh/GitHub/Computer-Science-ITU/advanced-programming/excercises/09-monad/.metals/.tmp/Exercises.test.scala:92: error: illegal start of simple expression
  given Foldable[UnitFoldable] = new:
  ^
scala.meta.internal.metals.ScalafixProvider$ScalafixRunException: /home/casperh/GitHub/Computer-Science-ITU/advanced-programming/excercises/09-monad/.metals/.tmp/Exercises.test.scala:92: error: illegal start of simple expression
  given Foldable[UnitFoldable] = new:
  ^
	at scala.meta.internal.metals.ScalafixProvider.$anonfun$runScalafixRules$4(ScalafixProvider.scala:200)
	at scala.concurrent.impl.Promise$Transformation.run(Promise.scala:503)
	at java.util.concurrent.ThreadPoolExecutor.runWorker(ThreadPoolExecutor.java:1144)
	at java.util.concurrent.ThreadPoolExecutor$Worker.run(ThreadPoolExecutor.java:642)
	at java.lang.Thread.run(Thread.java:1583)
[0m
Dec 15, 2025 4:08:38 PM org.eclipse.lsp4j.jsonrpc.RemoteEndpoint fallbackResponseError
SEVERE: Internal error: scala.meta.internal.metals.ScalafixProvider$ScalafixRunException: /home/casperh/GitHub/Computer-Science-ITU/advanced-programming/excercises/09-monad/.metals/.tmp/Exercises.test.scala:92: error: illegal start of simple expression
  given Foldable[UnitFoldable] = new:
  ^
java.util.concurrent.CompletionException: scala.meta.internal.metals.ScalafixProvider$ScalafixRunException: /home/casperh/GitHub/Computer-Science-ITU/advanced-programming/excercises/09-monad/.metals/.tmp/Exercises.test.scala:92: error: illegal start of simple expression
  given Foldable[UnitFoldable] = new:
  ^
	at java.base/java.util.concurrent.CompletableFuture.encodeThrowable(CompletableFuture.java:332)
	at java.base/java.util.concurrent.CompletableFuture.completeThrowable(CompletableFuture.java:347)
	at java.base/java.util.concurrent.CompletableFuture$UniAccept.tryFire(CompletableFuture.java:708)
	at java.base/java.util.concurrent.CompletableFuture.postComplete(CompletableFuture.java:510)
	at java.base/java.util.concurrent.CompletableFuture.completeExceptionally(CompletableFuture.java:2194)
	at scala.meta.internal.metals.CancelTokens$.$anonfun$future$1(CancelTokens.scala:40)
	at scala.meta.internal.metals.CancelTokens$.$anonfun$future$1$adapted(CancelTokens.scala:38)
	at scala.concurrent.impl.Promise$Transformation.run(Promise.scala:517)
	at java.base/java.util.concurrent.ThreadPoolExecutor.runWorker(ThreadPoolExecutor.java:1144)
	at java.base/java.util.concurrent.ThreadPoolExecutor$Worker.run(ThreadPoolExecutor.java:642)
	at java.base/java.lang.Thread.run(Thread.java:1583)
Caused by: scala.meta.internal.metals.ScalafixProvider$ScalafixRunException: /home/casperh/GitHub/Computer-Science-ITU/advanced-programming/excercises/09-monad/.metals/.tmp/Exercises.test.scala:92: error: illegal start of simple expression
  given Foldable[UnitFoldable] = new:
  ^
	at scala.meta.internal.metals.ScalafixProvider.$anonfun$runScalafixRules$4(ScalafixProvider.scala:200)
	at scala.concurrent.impl.Promise$Transformation.run(Promise.scala:503)
	... 3 more

2025.12.15 16:08:42 INFO  compiling 09-monad_0f10ccc8b3-test (1 scala source)[0m
Downloading https://repo1.maven.org/maven2/org/scalameta/scalafmt-core_2.13/3.10.0/scalafmt-core_2.13-3.10.0.pom
Downloaded https://repo1.maven.org/maven2/org/scalameta/scalafmt-core_2.13/3.10.0/scalafmt-core_2.13-3.10.0.pom
Downloading https://repo1.maven.org/maven2/org/scalameta/scalafmt-macros_2.13/3.10.0/scalafmt-macros_2.13-3.10.0.pom
Downloading https://repo1.maven.org/maven2/org/scalameta/scalafmt-config_2.13/3.10.0/scalafmt-config_2.13-3.10.0.pom
Downloaded https://repo1.maven.org/maven2/org/scalameta/scalafmt-macros_2.13/3.10.0/scalafmt-macros_2.13-3.10.0.pom
Downloaded https://repo1.maven.org/maven2/org/scalameta/scalafmt-config_2.13/3.10.0/scalafmt-config_2.13-3.10.0.pom
Downloading https://repo1.maven.org/maven2/org/scalameta/scalafmt-core_2.13/3.10.0/scalafmt-core_2.13-3.10.0.jar
Downloading https://repo1.maven.org/maven2/org/scalameta/scalafmt-macros_2.13/3.10.0/scalafmt-macros_2.13-3.10.0.jar
Downloading https://repo1.maven.org/maven2/org/scalameta/scalafmt-config_2.13/3.10.0/scalafmt-config_2.13-3.10.0.jar
2025.12.15 16:08:43 INFO  time: compiled 09-monad_0f10ccc8b3-test in 1.09s[0m
Downloaded https://repo1.maven.org/maven2/org/scalameta/scalafmt-macros_2.13/3.10.0/scalafmt-macros_2.13-3.10.0.jar
Downloaded https://repo1.maven.org/maven2/org/scalameta/scalafmt-config_2.13/3.10.0/scalafmt-config_2.13-3.10.0.jar
Downloaded https://repo1.maven.org/maven2/org/scalameta/scalafmt-core_2.13/3.10.0/scalafmt-core_2.13-3.10.0.jar
2025.12.15 16:08:45 ERROR scalafmt: [3.10.0] /home/casperh/GitHub/Computer-Science-ITU/advanced-programming/excercises/09-monad/Exercises.test.scala:92: error: [dialect scala3] illegal start of simple expression
  given Foldable[UnitFoldable] = new:
  ^[0m
Exception in thread "pool-6-thread-1" java.lang.InterruptedException
	at scala.meta.internal.metals.FutureCancelToken.checkCanceled(FutureCancelToken.scala:29)
	at scala.meta.internal.pc.CompilerAccess.onCompilerJobQueue$$anonfun$1(CompilerAccess.scala:208)
	at scala.meta.internal.pc.CompilerJobQueue$Job.run(CompilerJobQueue.scala:153)
	at java.base/java.util.concurrent.ThreadPoolExecutor.runWorker(ThreadPoolExecutor.java:1144)
	at java.base/java.util.concurrent.ThreadPoolExecutor$Worker.run(ThreadPoolExecutor.java:642)
	at java.base/java.lang.Thread.run(Thread.java:1583)
Exception in thread "pool-6-thread-2" java.lang.InterruptedException
	at scala.meta.internal.metals.FutureCancelToken.checkCanceled(FutureCancelToken.scala:29)
	at scala.meta.internal.pc.CompilerAccess.onCompilerJobQueue$$anonfun$1(CompilerAccess.scala:208)
	at scala.meta.internal.pc.CompilerJobQueue$Job.run(CompilerJobQueue.scala:153)
	at java.base/java.util.concurrent.ThreadPoolExecutor.runWorker(ThreadPoolExecutor.java:1144)
	at java.base/java.util.concurrent.ThreadPoolExecutor$Worker.run(ThreadPoolExecutor.java:642)
	at java.base/java.lang.Thread.run(Thread.java:1583)
2025.12.15 16:08:51 INFO  compiling 09-monad_0f10ccc8b3-test (1 scala source)[0m
2025.12.15 16:08:53 INFO  time: compiled 09-monad_0f10ccc8b3-test in 1.95s[0m
2025.12.15 16:11:01 INFO  Shutting down server[0m
2025.12.15 16:11:01 INFO  shutting down Metals[0m
2025.12.15 16:11:01 INFO  Shut down connection with build server.[0m
2025.12.15 16:11:01 INFO  BSP server: Dec 15, 2025 4:11:01 PM org.eclipse.lsp4j.jsonrpc.RemoteEndpoint handleNotification[0m
2025.12.15 16:11:01 INFO  BSP server: WARNING: Notification threw an exception: {[0m
2025.12.15 16:11:01 INFO  BSP server:   "jsonrpc": "2.0",[0m
2025.12.15 16:11:01 INFO  BSP server:   "method": "build/exit",[0m
2025.12.15 16:11:01 INFO  BSP server:   "params": null[0m
2025.12.15 16:11:01 INFO  BSP server: }[0m
2025.12.15 16:11:01 INFO  BSP server: java.lang.RuntimeException: java.lang.reflect.InvocationTargetException[0m
2025.12.15 16:11:01 INFO  BSP server: 	at org.eclipse.lsp4j.jsonrpc.services.GenericEndpoint.lambda$null$0(GenericEndpoint.java:67)[0m
2025.12.15 16:11:01 INFO  BSP server: 	at org.eclipse.lsp4j.jsonrpc.services.GenericEndpoint.notify(GenericEndpoint.java:152)[0m
2025.12.15 16:11:01 INFO  BSP server: 	at org.eclipse.lsp4j.jsonrpc.RemoteEndpoint.handleNotification(RemoteEndpoint.java:220)[0m
2025.12.15 16:11:01 INFO  BSP server: 	at org.eclipse.lsp4j.jsonrpc.RemoteEndpoint.consume(RemoteEndpoint.java:187)[0m
2025.12.15 16:11:01 INFO  BSP server: 	at org.eclipse.lsp4j.jsonrpc.json.StreamMessageProducer.handleMessage(StreamMessageProducer.java:194)[0m
2025.12.15 16:11:01 INFO  BSP server: 	at org.eclipse.lsp4j.jsonrpc.json.StreamMessageProducer.listen(StreamMessageProducer.java:94)[0m
2025.12.15 16:11:01 INFO  BSP server: 	at org.eclipse.lsp4j.jsonrpc.json.ConcurrentMessageProcessor.run(ConcurrentMessageProcessor.java:113)[0m
2025.12.15 16:11:01 INFO  BSP server: 	at java.base@17.0.6/java.util.concurrent.Executors$RunnableAdapter.call(Executors.java:539)[0m
2025.12.15 16:11:01 INFO  BSP server: 	at java.base@17.0.6/java.util.concurrent.FutureTask.run(FutureTask.java:264)[0m
2025.12.15 16:11:01 INFO  BSP server: 	at java.base@17.0.6/java.util.concurrent.ThreadPoolExecutor.runWorker(ThreadPoolExecutor.java:1136)[0m
2025.12.15 16:11:01 INFO  BSP server: 	at java.base@17.0.6/java.util.concurrent.ThreadPoolExecutor$Worker.run(ThreadPoolExecutor.java:635)[0m
2025.12.15 16:11:01 INFO  BSP server: 	at java.base@17.0.6/java.lang.Thread.run(Thread.java:833)[0m
2025.12.15 16:11:01 INFO  BSP server: 	at com.oracle.svm.core.thread.PlatformThreads.threadStartRoutine(PlatformThreads.java:775)[0m
2025.12.15 16:11:01 INFO  BSP server: 	at com.oracle.svm.core.posix.thread.PosixPlatformThreads.pthreadStartRoutine(PosixPlatformThreads.java:203)[0m
2025.12.15 16:11:01 INFO  BSP server: Caused by: java.lang.reflect.InvocationTargetException[0m
2025.12.15 16:11:01 INFO  BSP server: 	at java.base@17.0.6/java.lang.reflect.Method.invoke(Method.java:568)[0m
2025.12.15 16:11:01 INFO  BSP server: 	at org.eclipse.lsp4j.jsonrpc.services.GenericEndpoint.lambda$null$0(GenericEndpoint.java:65)[0m
2025.12.15 16:11:01 INFO  BSP server: 	... 13 more[0m
2025.12.15 16:11:01 INFO  BSP server: Caused by: java.lang.RuntimeException: BSP server not initialized yet[0m
2025.12.15 16:11:01 INFO  BSP server: 	at scala.sys.package$.error(package.scala:27)[0m
2025.12.15 16:11:01 INFO  BSP server: 	at scala.build.bsp.BloopSession$Reference.get(BloopSession.scala:70)[0m
2025.12.15 16:11:01 INFO  BSP server: 	at scala.build.bsp.BspImpl.$anonfun$11(BspImpl.scala:475)[0m
